2017-12-27 10:21:38 +0000  Initial pipeline context: <IDEDistributionProcessingPipelineContext: 0x7f95d243bf30; archive(resolved)='<IDEArchive: 0x7f95d0719bf0>', distributionTask(resolved)='2', distributionMethod(resolved)='<IDEDistributionMethodiOSAppStoreExport: 0x7f95ee33d080>', team(resolved)='<IDEProvisioningBasicTeam 0x7f95d224ec60: teamID: 39UED342Q3, teamName: Igor Trindade>'>
	Chain (11, self inclusive):
	<IDEDistributionProcessingPipelineContext: 0x7f95d243bf30; archive = '<IDEArchive: 0x7f95d0719bf0>', distributionMethod='<IDEDistributionMethodiOSAppStoreExport: 0x7f95ee33d080>', team='<IDEProvisioningBasicTeam 0x7f95d224ec60: teamID: 39UED342Q3, teamName: Igor Trindade>'>
	<IDEDistributionProcessingPipelineContext: 0x7f95d050e100; archive = '<IDEArchive: 0x7f95d0719bf0>', distributionMethod='<IDEDistributionMethodiOSAppStoreExport: 0x7f95ee33d080>', team='<IDEProvisioningBasicTeam 0x7f95d224ec60: teamID: 39UED342Q3, teamName: Igor Trindade>'>
	<IDEDistributionContext: 0x7f95d24871b0; archive = '<IDEArchive: 0x7f95d0719bf0>', distributionMethod='<IDEDistributionMethodiOSAppStoreExport: 0x7f95ee33d080>', team='<IDEProvisioningBasicTeam 0x7f95d224ec60: teamID: 39UED342Q3, teamName: Igor Trindade>'>
	<IDEDistributionContext: 0x7f95d244d930; archive = '<IDEArchive: 0x7f95d0719bf0>', distributionMethod='<IDEDistributionMethodiOSAppStoreExport: 0x7f95ee33d080>', team='<IDEProvisioningBasicTeam 0x7f95d224ec60: teamID: 39UED342Q3, teamName: Igor Trindade>'>
	<IDEDistributionContext: 0x7f95d240db80; archive = '<IDEArchive: 0x7f95d0719bf0>', distributionMethod='<IDEDistributionMethodiOSAppStoreExport: 0x7f95ee33d080>', team='<IDEProvisioningBasicTeam 0x7f95d224ec60: teamID: 39UED342Q3, teamName: Igor Trindade>'>
	<IDEDistributionContext: 0x7f95d2316280; archive = '<IDEArchive: 0x7f95d0719bf0>', distributionMethod='<IDEDistributionMethodiOSAppStoreExport: 0x7f95ee33d080>', team='<IDEProvisioningBasicTeam 0x7f95d224ec60: teamID: 39UED342Q3, teamName: Igor Trindade>'>
	<IDEDistributionContext: 0x7f95d05cecc0; archive = '<IDEArchive: 0x7f95d0719bf0>', distributionMethod='<IDEDistributionMethodiOSAppStoreExport: 0x7f95ee33d080>', team='<IDEProvisioningBasicTeam 0x7f95d224ec60: teamID: 39UED342Q3, teamName: Igor Trindade>'>
	<IDEDistributionContext: 0x7f95d2463d60; archive = '<IDEArchive: 0x7f95d0719bf0>', distributionMethod='<IDEDistributionMethodiOSAppStoreExport: 0x7f95ee33d080>', team='<IDEProvisioningBasicTeam 0x7f95d224ec60: teamID: 39UED342Q3, teamName: Igor Trindade>'>
	<IDEDistributionContext: 0x7f95d24311c0; archive = '<IDEArchive: 0x7f95d0719bf0>', distributionMethod='<IDEDistributionMethodiOSAppStoreExport: 0x7f95ee33d080>', team='<IDEProvisioningBasicTeam 0x7f95d224ec60: teamID: 39UED342Q3, teamName: Igor Trindade>'>
	<IDEDistributionContext: 0x7f95e54b6b20; archive = '<IDEArchive: 0x7f95d0719bf0>', distributionMethod='<IDEDistributionMethodiOSAppStoreExport: 0x7f95ee33d080>', team='(null)'>
	<IDEDistributionContext: 0x7f95d2408450; archive = '<IDEArchive: 0x7f95d0719bf0>', distributionMethod='(null)', team='(null)'>
</IDEDistributionProcessingPipelineContext: 0x7f95d243bf30>
2017-12-27 10:21:38 +0000  Processing step: IDEDistributionCreateDestRootStep
2017-12-27 10:21:38 +0000  Processing step: IDEDistributionCopyItemStep
2017-12-27 10:21:38 +0000  Running /usr/bin/ditto '-V' '/Users/igortrindade/Library/Developer/Xcode/Archives/2017-12-27/GoUp 27-12-2017 08.21.xcarchive/Products/Applications/GoUp.app' '/var/folders/dh/7z8wnl2j5_v0jk6vcykb9mcr0000gn/T/XcodeDistPipeline.wNc/Root/Payload/GoUp.app'
2017-12-27 10:21:38 +0000  >>> Copying /Users/igortrindade/Library/Developer/Xcode/Archives/2017-12-27/GoUp 27-12-2017 08.21.xcarchive/Products/Applications/GoUp.app 
2017-12-27 10:21:38 +0000  copying file ./_CodeSignature/CodeResources ... 
2017-12-27 10:21:38 +0000  78247 bytes for ./_CodeSignature/CodeResources
2017-12-27 10:21:38 +0000  copying file ./LaunchImage@2x.png ... 
2017-12-27 10:21:38 +0000  78588 bytes for ./LaunchImage@2x.png
2017-12-27 10:21:38 +0000  copying file ./AppIcon20x20@2x.png ... 
2017-12-27 10:21:38 +0000  1616 bytes for ./AppIcon20x20@2x.png
2017-12-27 10:21:38 +0000  copying file ./MainViewController.nib ... 
2017-12-27 10:21:38 +0000  943 bytes for ./MainViewController.nib
2017-12-27 10:21:38 +0000  copying file ./AppIcon57x57.png ... 
2017-12-27 10:21:38 +0000  2484 bytes for ./AppIcon57x57.png
copying file ./AppIcon20x20@3x.png ... 
2017-12-27 10:21:38 +0000  2603 bytes for ./AppIcon20x20@3x.png
copying file ./AppIcon29x29.png ... 
2017-12-27 10:21:38 +0000  1240 bytes for ./AppIcon29x29.png
2017-12-27 10:21:38 +0000  copying file ./LaunchImage-568h@2x.png ... 
2017-12-27 10:21:38 +0000  90023 bytes for ./LaunchImage-568h@2x.png
2017-12-27 10:21:38 +0000  copying file ./AppIcon60x60@2x.png ... 
2017-12-27 10:21:38 +0000  6312 bytes for ./AppIcon60x60@2x.png
2017-12-27 10:21:38 +0000  copying file ./AppIcon72x72@2x~ipad.png ... 
2017-12-27 10:21:38 +0000  8135 bytes for ./AppIcon72x72@2x~ipad.png
2017-12-27 10:21:38 +0000  copying file ./AppIcon29x29@2x.png ... 
2017-12-27 10:21:38 +0000  2509 bytes for ./AppIcon29x29@2x.png
2017-12-27 10:21:38 +0000  copying file ./GoUp ... 
2017-12-27 10:21:38 +0000  3406032 bytes for ./GoUp
copying file ./LaunchImage-800-667h@2x.png ... 
2017-12-27 10:21:38 +0000  111824 bytes for ./LaunchImage-800-667h@2x.png
copying file ./LaunchImage-Portrait@2x~ipad.png ... 
2017-12-27 10:21:38 +0000  217074 bytes for ./LaunchImage-Portrait@2x~ipad.png
2017-12-27 10:21:38 +0000  copying file ./AppIcon40x40@3x.png ... 
2017-12-27 10:21:38 +0000  6312 bytes for ./AppIcon40x40@3x.png
2017-12-27 10:21:38 +0000  copying file ./AppIcon57x57@2x.png ... 
2017-12-27 10:21:38 +0000  5920 bytes for ./AppIcon57x57@2x.png
2017-12-27 10:21:38 +0000  copying file ./AppIcon29x29~ipad.png ... 
2017-12-27 10:21:38 +0000  1240 bytes for ./AppIcon29x29~ipad.png
2017-12-27 10:21:38 +0000  copying file ./AppIcon40x40@2x.png ... 
2017-12-27 10:21:38 +0000  3976 bytes for ./AppIcon40x40@2x.png
2017-12-27 10:21:38 +0000  copying file ./LaunchImage-Portrait~ipad.png ... 
2017-12-27 10:21:38 +0000  87669 bytes for ./LaunchImage-Portrait~ipad.png
2017-12-27 10:21:38 +0000  copying file ./AppIcon29x29@3x.png ... 
2017-12-27 10:21:38 +0000  4321 bytes for ./AppIcon29x29@3x.png
2017-12-27 10:21:38 +0000  copying file ./GoogleService-Info.plist ... 
2017-12-27 10:21:38 +0000  852 bytes for ./GoogleService-Info.plist
2017-12-27 10:21:38 +0000  copying file ./AppIcon60x60@3x.png ... 
2017-12-27 10:21:38 +0000  11002 bytes for ./AppIcon60x60@3x.png
2017-12-27 10:21:38 +0000  copying file ./config.xml ... 
2017-12-27 10:21:38 +0000  7905 bytes for ./config.xml
2017-12-27 10:21:38 +0000  copying file ./www/index.html ... 
2017-12-27 10:21:38 +0000  1802 bytes for ./www/index.html
2017-12-27 10:21:38 +0000  copying file ./www/cordova.js ... 
2017-12-27 10:21:38 +0000  78044 bytes for ./www/cordova.js
2017-12-27 10:21:38 +0000  copying file ./www/plugins/cordova-plugin-file/www/requestFileSystem.js ... 
2017-12-27 10:21:38 +0000  3244 bytes for ./www/plugins/cordova-plugin-file/www/requestFileSystem.js
copying file ./www/plugins/cordova-plugin-file/www/DirectoryEntry.js ... 
2017-12-27 10:21:38 +0000  4681 bytes for ./www/plugins/cordova-plugin-file/www/DirectoryEntry.js
2017-12-27 10:21:38 +0000  copying file ./www/plugins/cordova-plugin-file/www/FileSystem.js ... 
2017-12-27 10:21:38 +0000  1960 bytes for ./www/plugins/cordova-plugin-file/www/FileSystem.js
2017-12-27 10:21:38 +0000  copying file ./www/plugins/cordova-plugin-file/www/Flags.js ... 
2017-12-27 10:21:38 +0000  1336 bytes for ./www/plugins/cordova-plugin-file/www/Flags.js
copying file ./www/plugins/cordova-plugin-file/www/fileSystemPaths.js ... 
2017-12-27 10:21:38 +0000  2548 bytes for ./www/plugins/cordova-plugin-file/www/fileSystemPaths.js
2017-12-27 10:21:38 +0000  copying file ./www/plugins/cordova-plugin-file/www/FileEntry.js ... 
2017-12-27 10:21:38 +0000  3423 bytes for ./www/plugins/cordova-plugin-file/www/FileEntry.js
2017-12-27 10:21:38 +0000  copying file ./www/plugins/cordova-plugin-file/www/fileSystems.js ... 
2017-12-27 10:21:38 +0000  1047 bytes for ./www/plugins/cordova-plugin-file/www/fileSystems.js
2017-12-27 10:21:38 +0000  copying file ./www/plugins/cordova-plugin-file/www/DirectoryReader.js ... 
2017-12-27 10:21:38 +0000  2724 bytes for ./www/plugins/cordova-plugin-file/www/DirectoryReader.js
2017-12-27 10:21:38 +0000  copying file ./www/plugins/cordova-plugin-file/www/Metadata.js ... 
2017-12-27 10:21:38 +0000  1488 bytes for ./www/plugins/cordova-plugin-file/www/Metadata.js
2017-12-27 10:21:38 +0000  copying file ./www/plugins/cordova-plugin-file/www/ios/FileSystem.js ... 
2017-12-27 10:21:38 +0000  1222 bytes for ./www/plugins/cordova-plugin-file/www/ios/FileSystem.js
2017-12-27 10:21:38 +0000  copying file ./www/plugins/cordova-plugin-file/www/browser/isChrome.js ... 
2017-12-27 10:21:38 +0000  1232 bytes for ./www/plugins/cordova-plugin-file/www/browser/isChrome.js
2017-12-27 10:21:38 +0000  copying file ./www/plugins/cordova-plugin-file/www/LocalFileSystem.js ... 
2017-12-27 10:21:38 +0000  957 bytes for ./www/plugins/cordova-plugin-file/www/LocalFileSystem.js
2017-12-27 10:21:38 +0000  copying file ./www/plugins/cordova-plugin-file/www/FileReader.js ... 
2017-12-27 10:21:38 +0000  10523 bytes for ./www/plugins/cordova-plugin-file/www/FileReader.js
2017-12-27 10:21:38 +0000  copying file ./www/plugins/cordova-plugin-file/www/fileSystems-roots.js ... 
2017-12-27 10:21:38 +0000  1598 bytes for ./www/plugins/cordova-plugin-file/www/fileSystems-roots.js
2017-12-27 10:21:38 +0000  copying file ./www/plugins/cordova-plugin-file/www/FileUploadOptions.js ... 
2017-12-27 10:21:38 +0000  1831 bytes for ./www/plugins/cordova-plugin-file/www/FileUploadOptions.js
copying file ./www/plugins/cordova-plugin-file/www/FileWriter.js ... 
2017-12-27 10:21:38 +0000  10544 bytes for ./www/plugins/cordova-plugin-file/www/FileWriter.js
2017-12-27 10:21:38 +0000  copying file ./www/plugins/cordova-plugin-file/www/FileError.js ... 
2017-12-27 10:21:38 +0000  1483 bytes for ./www/plugins/cordova-plugin-file/www/FileError.js
2017-12-27 10:21:38 +0000  copying file ./www/plugins/cordova-plugin-file/www/FileUploadResult.js ... 
2017-12-27 10:21:38 +0000  1111 bytes for ./www/plugins/cordova-plugin-file/www/FileUploadResult.js
copying file ./www/plugins/cordova-plugin-file/www/ProgressEvent.js ... 
2017-12-27 10:21:38 +0000  2544 bytes for ./www/plugins/cordova-plugin-file/www/ProgressEvent.js
2017-12-27 10:21:38 +0000  copying file ./www/plugins/cordova-plugin-file/www/File.js ... 
2017-12-27 10:21:38 +0000  2714 bytes for ./www/plugins/cordova-plugin-file/www/File.js
2017-12-27 10:21:38 +0000  copying file ./www/plugins/cordova-plugin-file/www/resolveLocalFileSystemURI.js ... 
2017-12-27 10:21:38 +0000  4325 bytes for ./www/plugins/cordova-plugin-file/www/resolveLocalFileSystemURI.js
copying file ./www/plugins/cordova-plugin-file/www/Entry.js ... 
2017-12-27 10:21:38 +0000  9869 bytes for ./www/plugins/cordova-plugin-file/www/Entry.js
2017-12-27 10:21:38 +0000  copying file ./www/plugins/es6-promise-plugin/www/promise.js ... 
2017-12-27 10:21:38 +0000  8402 bytes for ./www/plugins/es6-promise-plugin/www/promise.js
2017-12-27 10:21:38 +0000  copying file ./www/plugins/cordova-plugin-inappbrowser/www/inappbrowser.js ... 
2017-12-27 10:21:38 +0000  4425 bytes for ./www/plugins/cordova-plugin-inappbrowser/www/inappbrowser.js
2017-12-27 10:21:38 +0000  copying file ./www/plugins/cordova-plugin-geolocation/www/geolocation.js ... 
2017-12-27 10:21:38 +0000  8660 bytes for ./www/plugins/cordova-plugin-geolocation/www/geolocation.js
2017-12-27 10:21:38 +0000  copying file ./www/plugins/cordova-plugin-geolocation/www/PositionError.js ... 
2017-12-27 10:21:38 +0000  1377 bytes for ./www/plugins/cordova-plugin-geolocation/www/PositionError.js
2017-12-27 10:21:38 +0000  copying file ./www/plugins/cordova-plugin-geolocation/www/Coordinates.js ... 
2017-12-27 10:21:38 +0000  2076 bytes for ./www/plugins/cordova-plugin-geolocation/www/Coordinates.js
2017-12-27 10:21:38 +0000  copying file ./www/plugins/cordova-plugin-geolocation/www/Position.js ... 
2017-12-27 10:21:38 +0000  1359 bytes for ./www/plugins/cordova-plugin-geolocation/www/Position.js
2017-12-27 10:21:38 +0000  copying file ./www/plugins/cordova-plugin-file-transfer/www/FileTransferError.js ... 
2017-12-27 10:21:38 +0000  1488 bytes for ./www/plugins/cordova-plugin-file-transfer/www/FileTransferError.js
2017-12-27 10:21:38 +0000  copying file ./www/plugins/cordova-plugin-file-transfer/www/FileTransfer.js ... 
2017-12-27 10:21:38 +0000  8568 bytes for ./www/plugins/cordova-plugin-file-transfer/www/FileTransfer.js
2017-12-27 10:21:38 +0000  copying file ./www/plugins/cordova-plugin-camera/www/CameraPopoverOptions.js ... 
2017-12-27 10:21:38 +0000  2297 bytes for ./www/plugins/cordova-plugin-camera/www/CameraPopoverOptions.js
2017-12-27 10:21:38 +0000  copying file ./www/plugins/cordova-plugin-camera/www/ios/CameraPopoverHandle.js ... 
2017-12-27 10:21:38 +0000  2269 bytes for ./www/plugins/cordova-plugin-camera/www/ios/CameraPopoverHandle.js
2017-12-27 10:21:38 +0000  copying file ./www/plugins/cordova-plugin-camera/www/CameraConstants.js ... 
2017-12-27 10:21:38 +0000  3297 bytes for ./www/plugins/cordova-plugin-camera/www/CameraConstants.js
2017-12-27 10:21:38 +0000  copying file ./www/plugins/cordova-plugin-camera/www/Camera.js ... 
2017-12-27 10:21:38 +0000  8006 bytes for ./www/plugins/cordova-plugin-camera/www/Camera.js
2017-12-27 10:21:38 +0000  copying file ./www/plugins/com.bez4pieci.cookies/www/cookies.js ... 
2017-12-27 10:21:38 +0000  1748 bytes for ./www/plugins/com.bez4pieci.cookies/www/cookies.js
2017-12-27 10:21:38 +0000  copying file ./www/plugins/cordova-plugin-wkwebview-engine/src/www/ios/ios-wkwebview.js ... 
2017-12-27 10:21:38 +0000  1167 bytes for ./www/plugins/cordova-plugin-wkwebview-engine/src/www/ios/ios-wkwebview.js
2017-12-27 10:21:38 +0000  copying file ./www/plugins/cordova-plugin-wkwebview-engine/src/www/ios/ios-wkwebview-exec.js ... 
2017-12-27 10:21:38 +0000  6170 bytes for ./www/plugins/cordova-plugin-wkwebview-engine/src/www/ios/ios-wkwebview-exec.js
2017-12-27 10:21:38 +0000  copying file ./www/plugins/cordova-plugin-statusbar/www/statusbar.js ... 
2017-12-27 10:21:38 +0000  3376 bytes for ./www/plugins/cordova-plugin-statusbar/www/statusbar.js
2017-12-27 10:21:38 +0000  copying file ./www/plugins/cordova-plugin-splashscreen/www/splashscreen.js ... 
2017-12-27 10:21:38 +0000  1173 bytes for ./www/plugins/cordova-plugin-splashscreen/www/splashscreen.js
2017-12-27 10:21:38 +0000  copying file ./www/plugins/cordova-plugin-x-socialsharing/www/SocialSharing.js ... 
2017-12-27 10:21:38 +0000  7043 bytes for ./www/plugins/cordova-plugin-x-socialsharing/www/SocialSharing.js
2017-12-27 10:21:38 +0000  copying file ./www/plugins/cordova-plugin-fcm/www/FCMPlugin.js ... 
2017-12-27 10:21:38 +0000  1639 bytes for ./www/plugins/cordova-plugin-fcm/www/FCMPlugin.js
2017-12-27 10:21:38 +0000  copying file ./www/static/css/app.cd99df182a48578d3561aafe3cbe0679.css.map ... 
2017-12-27 10:21:38 +0000  85720 bytes for ./www/static/css/app.cd99df182a48578d3561aafe3cbe0679.css.map
2017-12-27 10:21:38 +0000  copying file ./www/static/css/app.cd99df182a48578d3561aafe3cbe0679.css ... 
2017-12-27 10:21:38 +0000  43957 bytes for ./www/static/css/app.cd99df182a48578d3561aafe3cbe0679.css
2017-12-27 10:21:38 +0000  copying file ./www/static/js/4.762d2c97b19b1dd3d1f2.js.map ... 
2017-12-27 10:21:38 +0000  418016 bytes for ./www/static/js/4.762d2c97b19b1dd3d1f2.js.map
2017-12-27 10:21:38 +0000  copying file ./www/static/js/5.486a7f2a109ab86204b8.js ... 
2017-12-27 10:21:38 +0000  59534 bytes for ./www/static/js/5.486a7f2a109ab86204b8.js
2017-12-27 10:21:38 +0000  copying file ./www/static/js/17.ee56385bbea80fffb461.js.map ... 
2017-12-27 10:21:38 +0000  3148 bytes for ./www/static/js/17.ee56385bbea80fffb461.js.map
copying file ./www/static/js/9.34554c767bd2b1898c96.js.map ... 
2017-12-27 10:21:38 +0000  79735 bytes for ./www/static/js/9.34554c767bd2b1898c96.js.map
copying file ./www/static/js/12.78d9d712bcd5a3387a99.js ... 
2017-12-27 10:21:38 +0000  11290 bytes for ./www/static/js/12.78d9d712bcd5a3387a99.js
2017-12-27 10:21:38 +0000  copying file ./www/static/js/app.ad07c43fabbee07eb6b4.js ... 
2017-12-27 10:21:38 +0000  310049 bytes for ./www/static/js/app.ad07c43fabbee07eb6b4.js
2017-12-27 10:21:38 +0000  copying file ./www/static/js/13.cb5c37c780d44d822431.js ... 
2017-12-27 10:21:38 +0000  2678 bytes for ./www/static/js/13.cb5c37c780d44d822431.js
2017-12-27 10:21:38 +0000  copying file ./www/static/js/6.e31e0d649d83498b2a4f.js.map ... 
2017-12-27 10:21:38 +0000  108794 bytes for ./www/static/js/6.e31e0d649d83498b2a4f.js.map
2017-12-27 10:21:38 +0000  copying file ./www/static/js/11.20b21ff72bf51a1582ec.js ... 
2017-12-27 10:21:38 +0000  4349 bytes for ./www/static/js/11.20b21ff72bf51a1582ec.js
2017-12-27 10:21:38 +0000  copying file ./www/static/js/0.73226424b86ddc2fb26e.js.map ... 
2017-12-27 10:21:38 +0000  229578 bytes for ./www/static/js/0.73226424b86ddc2fb26e.js.map
2017-12-27 10:21:38 +0000  copying file ./www/static/js/manifest.71012bd3d25c28e0db1d.js ... 
2017-12-27 10:21:38 +0000  2012 bytes for ./www/static/js/manifest.71012bd3d25c28e0db1d.js
2017-12-27 10:21:38 +0000  copying file ./www/static/js/manifest.71012bd3d25c28e0db1d.js.map ... 
2017-12-27 10:21:38 +0000  15997 bytes for ./www/static/js/manifest.71012bd3d25c28e0db1d.js.map
2017-12-27 10:21:38 +0000  copying file ./www/static/js/7.8ded0f5067acc96d3903.js.map ... 
2017-12-27 10:21:38 +0000  97814 bytes for ./www/static/js/7.8ded0f5067acc96d3903.js.map
2017-12-27 10:21:38 +0000  copying file ./www/static/js/vendor.b71561d5570004995eec.js.map ... 
2017-12-27 10:21:38 +0000  7638875 bytes for ./www/static/js/vendor.b71561d5570004995eec.js.map
copying file ./www/static/js/5.486a7f2a109ab86204b8.js.map ... 
2017-12-27 10:21:38 +0000  207366 bytes for ./www/static/js/5.486a7f2a109ab86204b8.js.map
copying file ./www/static/js/13.cb5c37c780d44d822431.js.map ... 
2017-12-27 10:21:38 +0000  15335 bytes for ./www/static/js/13.cb5c37c780d44d822431.js.map
2017-12-27 10:21:38 +0000  copying file ./www/static/js/2.5fa499c5beae79181058.js.map ... 
2017-12-27 10:21:38 +0000  431682 bytes for ./www/static/js/2.5fa499c5beae79181058.js.map
copying file ./www/static/js/15.21d9afef248844e76c8e.js ... 
2017-12-27 10:21:38 +0000  406 bytes for ./www/static/js/15.21d9afef248844e76c8e.js
2017-12-27 10:21:38 +0000  copying file ./www/static/js/14.b1fd3f3845d0b5d84b6f.js.map ... 
2017-12-27 10:21:38 +0000  47677 bytes for ./www/static/js/14.b1fd3f3845d0b5d84b6f.js.map
2017-12-27 10:21:38 +0000  copying file ./www/static/js/1.8256316ea190270455a0.js.map ... 
2017-12-27 10:21:38 +0000  254355 bytes for ./www/static/js/1.8256316ea190270455a0.js.map
2017-12-27 10:21:38 +0000  copying file ./www/static/js/16.51dd7405a17f9eeb589b.js.map ... 
2017-12-27 10:21:38 +0000  3124 bytes for ./www/static/js/16.51dd7405a17f9eeb589b.js.map
2017-12-27 10:21:38 +0000  copying file ./www/static/js/7.8ded0f5067acc96d3903.js ... 
2017-12-27 10:21:38 +0000  26276 bytes for ./www/static/js/7.8ded0f5067acc96d3903.js
2017-12-27 10:21:38 +0000  copying file ./www/static/js/12.78d9d712bcd5a3387a99.js.map ... 
2017-12-27 10:21:38 +0000  58138 bytes for ./www/static/js/12.78d9d712bcd5a3387a99.js.map
2017-12-27 10:21:38 +0000  copying file ./www/static/js/0.73226424b86ddc2fb26e.js ... 
2017-12-27 10:21:38 +0000  42223 bytes for ./www/static/js/0.73226424b86ddc2fb26e.js
2017-12-27 10:21:38 +0000  copying file ./www/static/js/8.9fec32b983004a4600f3.js ... 
2017-12-27 10:21:38 +0000  26535 bytes for ./www/static/js/8.9fec32b983004a4600f3.js
2017-12-27 10:21:38 +0000  copying file ./www/static/js/11.20b21ff72bf51a1582ec.js.map ... 
2017-12-27 10:21:38 +0000  27731 bytes for ./www/static/js/11.20b21ff72bf51a1582ec.js.map
2017-12-27 10:21:38 +0000  copying file ./www/static/js/16.51dd7405a17f9eeb589b.js ... 
2017-12-27 10:21:38 +0000  400 bytes for ./www/static/js/16.51dd7405a17f9eeb589b.js
2017-12-27 10:21:38 +0000  copying file ./www/static/js/18.702f1e02e4f4d148060b.js.map ... 
2017-12-27 10:21:38 +0000  3141 bytes for ./www/static/js/18.702f1e02e4f4d148060b.js.map
2017-12-27 10:21:38 +0000  copying file ./www/static/js/4.762d2c97b19b1dd3d1f2.js ... 
2017-12-27 10:21:38 +0000  104105 bytes for ./www/static/js/4.762d2c97b19b1dd3d1f2.js
2017-12-27 10:21:38 +0000  copying file ./www/static/js/19.91006263326bc2b48dd2.js.map ... 
2017-12-27 10:21:38 +0000  5420 bytes for ./www/static/js/19.91006263326bc2b48dd2.js.map
2017-12-27 10:21:38 +0000  copying file ./www/static/js/14.b1fd3f3845d0b5d84b6f.js ... 
2017-12-27 10:21:38 +0000  9086 bytes for ./www/static/js/14.b1fd3f3845d0b5d84b6f.js
2017-12-27 10:21:38 +0000  copying file ./www/static/js/1.8256316ea190270455a0.js ... 
2017-12-27 10:21:38 +0000  64041 bytes for ./www/static/js/1.8256316ea190270455a0.js
copying file ./www/static/js/3.571063fc3f2b41a32c28.js ... 
2017-12-27 10:21:38 +0000  105317 bytes for ./www/static/js/3.571063fc3f2b41a32c28.js
2017-12-27 10:21:38 +0000  copying file ./www/static/js/3.571063fc3f2b41a32c28.js.map ... 
2017-12-27 10:21:38 +0000  424365 bytes for ./www/static/js/3.571063fc3f2b41a32c28.js.map
2017-12-27 10:21:38 +0000  copying file ./www/static/js/18.702f1e02e4f4d148060b.js ... 
2017-12-27 10:21:38 +0000  408 bytes for ./www/static/js/18.702f1e02e4f4d148060b.js
copying file ./www/static/js/6.e31e0d649d83498b2a4f.js ... 
2017-12-27 10:21:38 +0000  20488 bytes for ./www/static/js/6.e31e0d649d83498b2a4f.js
copying file ./www/static/js/2.5fa499c5beae79181058.js ... 
2017-12-27 10:21:38 +0000  79194 bytes for ./www/static/js/2.5fa499c5beae79181058.js
2017-12-27 10:21:38 +0000  copying file ./www/static/js/10.466e4bd2e6f098d33a58.js.map ... 
2017-12-27 10:21:38 +0000  33426 bytes for ./www/static/js/10.466e4bd2e6f098d33a58.js.map
2017-12-27 10:21:38 +0000  copying file ./www/static/js/15.21d9afef248844e76c8e.js.map ... 
2017-12-27 10:21:38 +0000  3123 bytes for ./www/static/js/15.21d9afef248844e76c8e.js.map
copying file ./www/static/js/17.ee56385bbea80fffb461.js ... 
2017-12-27 10:21:38 +0000  408 bytes for ./www/static/js/17.ee56385bbea80fffb461.js
2017-12-27 10:21:38 +0000  copying file ./www/static/js/app.ad07c43fabbee07eb6b4.js.map ... 
2017-12-27 10:21:38 +0000  940486 bytes for ./www/static/js/app.ad07c43fabbee07eb6b4.js.map
2017-12-27 10:21:38 +0000  copying file ./www/static/js/9.34554c767bd2b1898c96.js ... 
2017-12-27 10:21:38 +0000  13991 bytes for ./www/static/js/9.34554c767bd2b1898c96.js
2017-12-27 10:21:38 +0000  copying file ./www/static/js/8.9fec32b983004a4600f3.js.map ... 
2017-12-27 10:21:38 +0000  99340 bytes for ./www/static/js/8.9fec32b983004a4600f3.js.map
2017-12-27 10:21:38 +0000  copying file ./www/static/js/19.91006263326bc2b48dd2.js ... 
2017-12-27 10:21:38 +0000  700 bytes for ./www/static/js/19.91006263326bc2b48dd2.js
copying file ./www/static/js/vendor.b71561d5570004995eec.js ... 
2017-12-27 10:21:38 +0000  1091075 bytes for ./www/static/js/vendor.b71561d5570004995eec.js
copying file ./www/static/js/10.466e4bd2e6f098d33a58.js ... 
2017-12-27 10:21:38 +0000  5408 bytes for ./www/static/js/10.466e4bd2e6f098d33a58.js
2017-12-27 10:21:38 +0000  copying file ./www/static/img/welcome_screens-04.1305556.png ... 
2017-12-27 10:21:38 +0000  424671 bytes for ./www/static/img/welcome_screens-04.1305556.png
copying file ./www/static/img/welcome_screens-05.08a110e.png ... 
2017-12-27 10:21:38 +0000  264468 bytes for ./www/static/img/welcome_screens-05.08a110e.png
copying file ./www/static/img/welcome_screens-01.b2c6e67.png ... 
2017-12-27 10:21:38 +0000  388606 bytes for ./www/static/img/welcome_screens-01.b2c6e67.png
copying file ./www/static/img/LOGOS-02.8525119.png ... 
2017-12-27 10:21:38 +0000  19602 bytes for ./www/static/img/LOGOS-02.8525119.png
2017-12-27 10:21:38 +0000  copying file ./www/static/img/hand_pink.41a5bd5.svg ... 
2017-12-27 10:21:38 +0000  136293 bytes for ./www/static/img/hand_pink.41a5bd5.svg
2017-12-27 10:21:38 +0000  copying file ./www/static/img/welcome_screens-03.8758915.png ... 
2017-12-27 10:21:38 +0000  195870 bytes for ./www/static/img/welcome_screens-03.8758915.png
copying file ./www/static/img/welcome_screens-02.5f5dfd8.png ... 
2017-12-27 10:21:38 +0000  505845 bytes for ./www/static/img/welcome_screens-02.5f5dfd8.png
2017-12-27 10:21:38 +0000  copying file ./www/static/manifest.json ... 
531 bytes for ./www/static/manifest.json
2017-12-27 10:21:38 +0000  copying file ./www/static/build/css/vendor.css ... 
2017-12-27 10:21:38 +0000  235902 bytes for ./www/static/build/css/vendor.css
2017-12-27 10:21:38 +0000  copying file ./www/static/build/css/vendor.css.map ... 
2017-12-27 10:21:38 +0000  357442 bytes for ./www/static/build/css/vendor.css.map
2017-12-27 10:21:38 +0000  copying file ./www/static/build/images/loader_bright.gif ... 
2017-12-27 10:21:38 +0000  673 bytes for ./www/static/build/images/loader_bright.gif
2017-12-27 10:21:38 +0000  copying file ./www/static/build/images/lightbox-arrow-right.png ... 
2017-12-27 10:21:38 +0000  1317 bytes for ./www/static/build/images/lightbox-arrow-right.png
2017-12-27 10:21:38 +0000  copying file ./www/static/build/images/lightbox-icon-close-compact2.png ... 
2017-12-27 10:21:38 +0000  3295 bytes for ./www/static/build/images/lightbox-icon-close-compact2.png
2017-12-27 10:21:38 +0000  copying file ./www/static/build/images/play-button-square.png ... 
2017-12-27 10:21:38 +0000  4591 bytes for ./www/static/build/images/play-button-square.png
2017-12-27 10:21:38 +0000  copying file ./www/static/build/images/lightbox-arrow-left.png ... 
2017-12-27 10:21:38 +0000  1315 bytes for ./www/static/build/images/lightbox-arrow-left.png
2017-12-27 10:21:38 +0000  copying file ./www/static/build/images/loader_skype_trans.gif ... 
2017-12-27 10:21:38 +0000  10280 bytes for ./www/static/build/images/loader_skype_trans.gif
copying file ./www/static/build/images/loader-white1.gif ... 
2017-12-27 10:21:38 +0000  2545 bytes for ./www/static/build/images/loader-white1.gif
2017-12-27 10:21:38 +0000  copying file ./www/static/build/images/cover-grid.png ... 
2017-12-27 10:21:38 +0000  933 bytes for ./www/static/build/images/cover-grid.png
2017-12-27 10:21:38 +0000  copying file ./www/static/build/images/icon-zoom32.png ... 
2017-12-27 10:21:38 +0000  1643 bytes for ./www/static/build/images/icon-zoom32.png
2017-12-27 10:21:38 +0000  copying file ./www/static/build/images/loader-white2.gif ... 
2017-12-27 10:21:38 +0000  32494 bytes for ./www/static/build/images/loader-white2.gif
2017-12-27 10:21:38 +0000  copying file ./www/static/build/images/loader-white3.gif ... 
2017-12-27 10:21:38 +0000  10226 bytes for ./www/static/build/images/loader-white3.gif
2017-12-27 10:21:38 +0000  copying file ./www/static/build/images/loader-white7.gif ... 
2017-12-27 10:21:38 +0000  2851 bytes for ./www/static/build/images/loader-white7.gif
2017-12-27 10:21:38 +0000  copying file ./www/static/build/images/loader-white6.gif ... 
2017-12-27 10:21:38 +0000  2857 bytes for ./www/static/build/images/loader-white6.gif
2017-12-27 10:21:38 +0000  copying file ./www/static/build/images/not_loaded.png ... 
2017-12-27 10:21:38 +0000  858 bytes for ./www/static/build/images/not_loaded.png
2017-12-27 10:21:38 +0000  copying file ./www/static/build/images/loader-white4.gif ... 
2017-12-27 10:21:38 +0000  9136 bytes for ./www/static/build/images/loader-white4.gif
2017-12-27 10:21:38 +0000  copying file ./www/static/build/images/loader-white5.gif ... 
2017-12-27 10:21:38 +0000  8400 bytes for ./www/static/build/images/loader-white5.gif
2017-12-27 10:21:38 +0000  copying file ./www/static/build/images/loader.gif ... 
2017-12-27 10:21:38 +0000  673 bytes for ./www/static/build/images/loader.gif
2017-12-27 10:21:38 +0000  copying file ./www/static/build/images/icon-play32.png ... 
2017-12-27 10:21:38 +0000  688 bytes for ./www/static/build/images/icon-play32.png
2017-12-27 10:21:38 +0000  copying file ./www/static/build/images/lightbox-icon-close.png ... 
2017-12-27 10:21:38 +0000  946 bytes for ./www/static/build/images/lightbox-icon-close.png
2017-12-27 10:21:38 +0000  copying file ./www/static/build/images/lightbox-icon-close-compact.png ... 
2017-12-27 10:21:38 +0000  1841 bytes for ./www/static/build/images/lightbox-icon-close-compact.png
2017-12-27 10:21:38 +0000  copying file ./www/static/build/images/icon-link32.png ... 
2017-12-27 10:21:38 +0000  909 bytes for ./www/static/build/images/icon-link32.png
copying file ./www/static/build/images/play-button-round.png ... 
2017-12-27 10:21:38 +0000  1423 bytes for ./www/static/build/images/play-button-round.png
2017-12-27 10:21:38 +0000  copying file ./www/static/build/images/loader-black6.gif ... 
2017-12-27 10:21:38 +0000  2943 bytes for ./www/static/build/images/loader-black6.gif
2017-12-27 10:21:38 +0000  copying file ./www/static/build/images/loader-black7.gif ... 
2017-12-27 10:21:38 +0000  2645 bytes for ./www/static/build/images/loader-black7.gif
2017-12-27 10:21:38 +0000  copying file ./www/static/build/images/loader-black5.gif ... 
2017-12-27 10:21:38 +0000  8400 bytes for ./www/static/build/images/loader-black5.gif
2017-12-27 10:21:38 +0000  copying file ./www/static/build/images/button-close.png ... 
2017-12-27 10:21:38 +0000  7155 bytes for ./www/static/build/images/button-close.png
2017-12-27 10:21:38 +0000  copying file ./www/static/build/images/loader-black4.gif ... 
2017-12-27 10:21:38 +0000  10277 bytes for ./www/static/build/images/loader-black4.gif
2017-12-27 10:21:38 +0000  copying file ./www/static/build/images/transparent.png ... 
2017-12-27 10:21:38 +0000  540 bytes for ./www/static/build/images/transparent.png
2017-12-27 10:21:38 +0000  copying file ./www/static/build/images/loader-black1.gif ... 
2017-12-27 10:21:38 +0000  5855 bytes for ./www/static/build/images/loader-black1.gif
2017-12-27 10:21:38 +0000  copying file ./www/static/build/images/loader-black3.gif ... 
2017-12-27 10:21:38 +0000  10333 bytes for ./www/static/build/images/loader-black3.gif
2017-12-27 10:21:38 +0000  copying file ./www/static/build/images/loader-black2.gif ... 
2017-12-27 10:21:38 +0000  11187 bytes for ./www/static/build/images/loader-black2.gif
2017-12-27 10:21:38 +0000  copying file ./www/static/build/js/firebase-messaging-sw.js ... 
2017-12-27 10:21:38 +0000  1575 bytes for ./www/static/build/js/firebase-messaging-sw.js
2017-12-27 10:21:38 +0000  copying file ./www/static/build/js/vendor.js ... 
2017-12-27 10:21:38 +0000  259720 bytes for ./www/static/build/js/vendor.js
copying file ./www/static/build/js/openfb.js ... 
2017-12-27 10:21:38 +0000  12438 bytes for ./www/static/build/js/openfb.js
copying file ./www/static/build/js/vendor.js.map ... 
2017-12-27 10:21:38 +0000  779153 bytes for ./www/static/build/js/vendor.js.map
2017-12-27 10:21:38 +0000  copying file ./www/static/build/fonts/fontawesome-webfont.svg ... 
2017-12-27 10:21:38 +0000  444379 bytes for ./www/static/build/fonts/fontawesome-webfont.svg
2017-12-27 10:21:38 +0000  copying file ./www/static/build/fonts/FontAwesome.otf ... 
2017-12-27 10:21:38 +0000  134808 bytes for ./www/static/build/fonts/FontAwesome.otf
2017-12-27 10:21:38 +0000  copying file ./www/static/build/fonts/ionicons.eot ... 
2017-12-27 10:21:38 +0000  120724 bytes for ./www/static/build/fonts/ionicons.eot
2017-12-27 10:21:38 +0000  copying file ./www/static/build/fonts/ionicons.woff ... 
2017-12-27 10:21:38 +0000  67904 bytes for ./www/static/build/fonts/ionicons.woff
2017-12-27 10:21:38 +0000  copying file ./www/static/build/fonts/lato/lato-bold.ttf ... 
2017-12-27 10:21:38 +0000  121788 bytes for ./www/static/build/fonts/lato/lato-bold.ttf
copying file ./www/static/build/fonts/lato/lato-regular.ttf ... 
2017-12-27 10:21:38 +0000  120196 bytes for ./www/static/build/fonts/lato/lato-regular.ttf
copying file ./www/static/build/fonts/lato/lato-light.ttf ... 
2017-12-27 10:21:38 +0000  122524 bytes for ./www/static/build/fonts/lato/lato-light.ttf
2017-12-27 10:21:38 +0000  copying file ./www/static/build/fonts/lg.woff ... 
2017-12-27 10:21:38 +0000  3956 bytes for ./www/static/build/fonts/lg.woff
2017-12-27 10:21:38 +0000  copying file ./www/static/build/fonts/lg.svg ... 
2017-12-27 10:21:38 +0000  8901 bytes for ./www/static/build/fonts/lg.svg
copying file ./www/static/build/fonts/ionicons.ttf ... 
2017-12-27 10:21:38 +0000  188508 bytes for ./www/static/build/fonts/ionicons.ttf
copying file ./www/static/build/fonts/fontawesome-webfont.woff2 ... 
2017-12-27 10:21:38 +0000  77160 bytes for ./www/static/build/fonts/fontawesome-webfont.woff2
2017-12-27 10:21:38 +0000  copying file ./www/static/build/fonts/fontawesome-webfont.ttf ... 
2017-12-27 10:21:38 +0000  165548 bytes for ./www/static/build/fonts/fontawesome-webfont.ttf
copying file ./www/static/build/fonts/lg.eot ... 
2017-12-27 10:21:38 +0000  4024 bytes for ./www/static/build/fonts/lg.eot
2017-12-27 10:21:38 +0000  copying file ./www/static/build/fonts/ionicons.svg ... 
2017-12-27 10:21:38 +0000  333834 bytes for ./www/static/build/fonts/ionicons.svg
2017-12-27 10:21:38 +0000  copying file ./www/static/build/fonts/fontawesome-webfont.woff ... 
2017-12-27 10:21:38 +0000  98024 bytes for ./www/static/build/fonts/fontawesome-webfont.woff
2017-12-27 10:21:38 +0000  copying file ./www/static/build/fonts/fontawesome-webfont.eot ... 
2017-12-27 10:21:38 +0000  165742 bytes for ./www/static/build/fonts/fontawesome-webfont.eot
2017-12-27 10:21:38 +0000  copying file ./www/static/build/fonts/lg.ttf ... 
2017-12-27 10:21:38 +0000  3880 bytes for ./www/static/build/fonts/lg.ttf
2017-12-27 10:21:38 +0000  copying file ./www/static/fonts/semibold.e1c83f9.ttf ... 
2017-12-27 10:21:38 +0000  221164 bytes for ./www/static/fonts/semibold.e1c83f9.ttf
copying file ./www/static/fonts/bold.f5331cb.ttf ... 
2017-12-27 10:21:38 +0000  224452 bytes for ./www/static/fonts/bold.f5331cb.ttf
copying file ./www/static/fonts/regular.d7d5d45.ttf ... 
2017-12-27 10:21:38 +0000  217276 bytes for ./www/static/fonts/regular.d7d5d45.ttf
2017-12-27 10:21:38 +0000  copying file ./www/static/fonts/light.9ff12f6.ttf ... 
2017-12-27 10:21:38 +0000  222236 bytes for ./www/static/fonts/light.9ff12f6.ttf
2017-12-27 10:21:38 +0000  copying file ./www/static/assets/img/pattern-isaudavel-10-500.png ... 
2017-12-27 10:21:38 +0000  25777 bytes for ./www/static/assets/img/pattern-isaudavel-10-500.png
2017-12-27 10:21:38 +0000  copying file ./www/static/assets/img/checkmarks-sprite-2x.png ... 
2017-12-27 10:21:38 +0000  3092 bytes for ./www/static/assets/img/checkmarks-sprite-2x.png
2017-12-27 10:21:38 +0000  copying file ./www/static/assets/img/no_picture.jpg ... 
2017-12-27 10:21:38 +0000  19693 bytes for ./www/static/assets/img/no_picture.jpg
2017-12-27 10:21:38 +0000  copying file ./www/static/assets/img/logos/LOGOS-04.png ... 
2017-12-27 10:21:38 +0000  23710 bytes for ./www/static/assets/img/logos/LOGOS-04.png
2017-12-27 10:21:38 +0000  copying file ./www/static/assets/img/logos/LOGOS-05.png ... 
2017-12-27 10:21:38 +0000  33121 bytes for ./www/static/assets/img/logos/LOGOS-05.png
2017-12-27 10:21:38 +0000  copying file ./www/static/assets/img/logos/LOGOS-07.png ... 
2017-12-27 10:21:38 +0000  24152 bytes for ./www/static/assets/img/logos/LOGOS-07.png
2017-12-27 10:21:38 +0000  copying file ./www/static/assets/img/logos/LOGOS-06.png ... 
2017-12-27 10:21:38 +0000  23984 bytes for ./www/static/assets/img/logos/LOGOS-06.png
copying file ./www/static/assets/img/logos/logo-512x512.png ... 
2017-12-27 10:21:38 +0000  27516 bytes for ./www/static/assets/img/logos/logo-512x512.png
2017-12-27 10:21:38 +0000  copying file ./www/static/assets/img/logos/LOGOS-02.png ... 
2017-12-27 10:21:38 +0000  24246 bytes for ./www/static/assets/img/logos/LOGOS-02.png
2017-12-27 10:21:38 +0000  copying file ./www/static/assets/img/logos/LOGOS-03.png ... 
2017-12-27 10:21:38 +0000  23510 bytes for ./www/static/assets/img/logos/LOGOS-03.png
copying file ./www/static/assets/img/logos/LOGOS-01.png ... 
2017-12-27 10:21:38 +0000  28952 bytes for ./www/static/assets/img/logos/LOGOS-01.png
2017-12-27 10:21:38 +0000  copying file ./www/static/assets/img/logos/logo-192x192.png ... 
2017-12-27 10:21:38 +0000  8789 bytes for ./www/static/assets/img/logos/logo-192x192.png
2017-12-27 10:21:38 +0000  copying file ./www/static/assets/img/icons/icon_124x124.png ... 
2017-12-27 10:21:38 +0000  2089 bytes for ./www/static/assets/img/icons/icon_124x124.png
2017-12-27 10:21:38 +0000  copying file ./www/static/assets/img/icons/icon_512x512.png ... 
2017-12-27 10:21:38 +0000  10208 bytes for ./www/static/assets/img/icons/icon_512x512.png
2017-12-27 10:21:38 +0000  copying file ./www/static/assets/img/image-placeholder.png ... 
2017-12-27 10:21:38 +0000  21540 bytes for ./www/static/assets/img/image-placeholder.png
2017-12-27 10:21:38 +0000  copying file ./www/cordova-js-src/exec.js ... 
2017-12-27 10:21:38 +0000  8877 bytes for ./www/cordova-js-src/exec.js
2017-12-27 10:21:38 +0000  copying file ./www/cordova-js-src/plugin/ios/logger.js ... 
2017-12-27 10:21:38 +0000  10233 bytes for ./www/cordova-js-src/plugin/ios/logger.js
2017-12-27 10:21:38 +0000  copying file ./www/cordova-js-src/plugin/ios/console.js ... 
2017-12-27 10:21:38 +0000  6822 bytes for ./www/cordova-js-src/plugin/ios/console.js
2017-12-27 10:21:38 +0000  copying file ./www/cordova-js-src/platform.js ... 
2017-12-27 10:21:38 +0000  1168 bytes for ./www/cordova-js-src/platform.js
2017-12-27 10:21:38 +0000  copying file ./www/cordova_plugins.js ... 
2017-12-27 10:21:38 +0000  9506 bytes for ./www/cordova_plugins.js
2017-12-27 10:21:38 +0000  copying file ./archived-expanded-entitlements.xcent ... 
2017-12-27 10:21:38 +0000  245 bytes for ./archived-expanded-entitlements.xcent
2017-12-27 10:21:38 +0000  copying file ./LaunchImage-Landscape~ipad.png ... 
2017-12-27 10:21:38 +0000  87695 bytes for ./LaunchImage-Landscape~ipad.png
2017-12-27 10:21:38 +0000  copying file ./LaunchImage-700-Portrait~ipad.png ... 
2017-12-27 10:21:38 +0000  87669 bytes for ./LaunchImage-700-Portrait~ipad.png
copying file ./Assets.car ... 
2017-12-27 10:21:38 +0000  475144 bytes for ./Assets.car
2017-12-27 10:21:38 +0000  copying file ./AppIcon40x40@2x~ipad.png ... 
3976 bytes for ./AppIcon40x40@2x~ipad.png
copying file ./AppIcon76x76@2x~ipad.png ... 
2017-12-27 10:21:38 +0000  8727 bytes for ./AppIcon76x76@2x~ipad.png
2017-12-27 10:21:38 +0000  copying file ./LaunchImage-800-Portrait-736h@3x.png ... 
2017-12-27 10:21:38 +0000  227008 bytes for ./LaunchImage-800-Portrait-736h@3x.png
2017-12-27 10:21:38 +0000  copying file ./AppIcon72x72~ipad.png ... 
2017-12-27 10:21:38 +0000  3451 bytes for ./AppIcon72x72~ipad.png
2017-12-27 10:21:38 +0000  copying file ./CDVLaunchScreen.storyboardc/01J-lp-oVM-view-Ze5-6b-2t3.nib ... 
2017-12-27 10:21:38 +0000  2283 bytes for ./CDVLaunchScreen.storyboardc/01J-lp-oVM-view-Ze5-6b-2t3.nib
2017-12-27 10:21:38 +0000  copying file ./CDVLaunchScreen.storyboardc/UIViewController-01J-lp-oVM.nib ... 
2017-12-27 10:21:38 +0000  832 bytes for ./CDVLaunchScreen.storyboardc/UIViewController-01J-lp-oVM.nib
copying file ./CDVLaunchScreen.storyboardc/Info.plist ... 
2017-12-27 10:21:38 +0000  258 bytes for ./CDVLaunchScreen.storyboardc/Info.plist
2017-12-27 10:21:38 +0000  copying file ./LaunchImage-700@2x.png ... 
2017-12-27 10:21:38 +0000  78588 bytes for ./LaunchImage-700@2x.png
2017-12-27 10:21:38 +0000  copying file ./AppIcon83.5x83.5@2x~ipad.png ... 
2017-12-27 10:21:38 +0000  9878 bytes for ./AppIcon83.5x83.5@2x~ipad.png
copying file ./LaunchImage-700-568h@2x.png ... 
2017-12-27 10:21:38 +0000  90023 bytes for ./LaunchImage-700-568h@2x.png
2017-12-27 10:21:38 +0000  copying file ./LaunchImage-Landscape@2x~ipad.png ... 
2017-12-27 10:21:38 +0000  222319 bytes for ./LaunchImage-Landscape@2x~ipad.png
2017-12-27 10:21:38 +0000  copying file ./AppIcon50x50~ipad.png ... 
2017-12-27 10:21:38 +0000  2095 bytes for ./AppIcon50x50~ipad.png
copying file ./AppIcon29x29@2x~ipad.png ... 
2017-12-27 10:21:38 +0000  2509 bytes for ./AppIcon29x29@2x~ipad.png
2017-12-27 10:21:38 +0000  copying file ./LaunchImage-700-Landscape@2x~ipad.png ... 
2017-12-27 10:21:38 +0000  222319 bytes for ./LaunchImage-700-Landscape@2x~ipad.png
copying file ./AppIcon50x50@2x~ipad.png ... 
2017-12-27 10:21:38 +0000  5140 bytes for ./AppIcon50x50@2x~ipad.png
copying file ./AppIcon40x40~ipad.png ... 
2017-12-27 10:21:38 +0000  1616 bytes for ./AppIcon40x40~ipad.png
2017-12-27 10:21:38 +0000  copying file ./LaunchImage.png ... 
2017-12-27 10:21:38 +0000  31736 bytes for ./LaunchImage.png
2017-12-27 10:21:38 +0000  copying file ./embedded.mobileprovision ... 
2017-12-27 10:21:38 +0000  7450 bytes for ./embedded.mobileprovision
2017-12-27 10:21:38 +0000  copying file ./LaunchImage-800-Landscape-736h@3x.png ... 
2017-12-27 10:21:38 +0000  239137 bytes for ./LaunchImage-800-Landscape-736h@3x.png
copying file ./LaunchImage-700-Portrait@2x~ipad.png ... 
2017-12-27 10:21:38 +0000  217074 bytes for ./LaunchImage-700-Portrait@2x~ipad.png
2017-12-27 10:21:38 +0000  copying file ./LaunchImage-700-Landscape~ipad.png ... 
2017-12-27 10:21:38 +0000  87695 bytes for ./LaunchImage-700-Landscape~ipad.png
2017-12-27 10:21:38 +0000  copying file ./AppIcon20x20@2x~ipad.png ... 
2017-12-27 10:21:38 +0000  1616 bytes for ./AppIcon20x20@2x~ipad.png
2017-12-27 10:21:38 +0000  copying file ./Info.plist ... 
2017-12-27 10:21:38 +0000  2950 bytes for ./Info.plist
2017-12-27 10:21:38 +0000  copying file ./PkgInfo ... 
2017-12-27 10:21:38 +0000  8 bytes for ./PkgInfo
2017-12-27 10:21:38 +0000  copying file ./AppIcon76x76~ipad.png ... 
2017-12-27 10:21:38 +0000  3739 bytes for ./AppIcon76x76~ipad.png
2017-12-27 10:21:38 +0000  
2017-12-27 10:21:38 +0000  
2017-12-27 10:21:38 +0000  2017-12-27 10:21:38 +0000  /usr/bin/ditto exited with 0

2017-12-27 10:21:38 +0000  
2017-12-27 10:21:38 +0000  Processing step: IDEDistributionEmbedProfileStep
2017-12-27 10:21:38 +0000  Processing step: IDEDistributionItemRemovalStep
2017-12-27 10:21:38 +0000  Processing step: IDEDistributionAppThinningPlistStep
2017-12-27 10:21:38 +0000  Skipping step: IDEDistributionAppThinningPlistStep because it said so
2017-12-27 10:21:38 +0000  Processing step: IDEDistributionCompileBitcodeStep
2017-12-27 10:21:38 +0000  Skipping step: IDEDistributionCompileBitcodeStep because it said so
2017-12-27 10:21:38 +0000  Processing step: IDEDistributionCodeSlimmingStep
2017-12-27 10:21:38 +0000  Processing step: IDEDistributionCopyBCSymbolMapsStep
2017-12-27 10:21:38 +0000  Processing step: IDEDistributionSymbolsStep
2017-12-27 10:21:38 +0000  Processing symbols for GoUp.app
2017-12-27 10:21:38 +0000  Running /usr/bin/rsync '-8aPhhE' '/var/folders/dh/7z8wnl2j5_v0jk6vcykb9mcr0000gn/T/XcodeDistPipeline.wNc/Root/Payload/GoUp.app' '--link-dest' '/var/folders/dh/7z8wnl2j5_v0jk6vcykb9mcr0000gn/T/XcodeDistPipeline.wNc/Root/Payload' '/var/folders/dh/7z8wnl2j5_v0jk6vcykb9mcr0000gn/T/XcodeDistPipeline.wNc'
2017-12-27 10:21:38 +0000  building file list ... 
2017-12-27 10:21:38 +0000   0 files...2017-12-27 10:21:38 +0000   100 files...2017-12-27 10:21:38 +0000   200 files...2017-12-27 10:21:38 +0000  281 files to consider
2017-12-27 10:21:38 +0000  GoUp.app/
2017-12-27 10:21:38 +0000  GoUp.app/CDVLaunchScreen.storyboardc/
GoUp.app/_CodeSignature/
GoUp.app/www/
2017-12-27 10:21:38 +0000  GoUp.app/www/cordova-js-src/
GoUp.app/www/cordova-js-src/plugin/
GoUp.app/www/cordova-js-src/plugin/ios/
GoUp.app/www/plugins/
GoUp.app/www/plugins/com.bez4pieci.cookies/
GoUp.app/www/plugins/com.bez4pieci.cookies/www/
GoUp.app/www/plugins/cordova-plugin-camera/
GoUp.app/www/plugins/cordova-plugin-camera/www/
GoUp.app/www/plugins/cordova-plugin-camera/www/ios/
GoUp.app/www/plugins/cordova-plugin-fcm/
GoUp.app/www/plugins/cordova-plugin-fcm/www/
GoUp.app/www/plugins/cordova-plugin-file-transfer/
GoUp.app/www/plugins/cordova-plugin-file-transfer/www/
GoUp.app/www/plugins/cordova-plugin-file/
GoUp.app/www/plugins/cordova-plugin-file/www/
GoUp.app/www/plugins/cordova-plugin-file/www/browser/
GoUp.app/www/plugins/cordova-plugin-file/www/ios/
GoUp.app/www/plugins/cordova-plugin-geolocation/
GoUp.app/www/plugins/cordova-plugin-geolocation/www/
GoUp.app/www/plugins/cordova-plugin-inappbrowser/
GoUp.app/www/plugins/cordova-plugin-inappbrowser/www/
GoUp.app/www/plugins/cordova-plugin-splashscreen/
GoUp.app/www/plugins/cordova-plugin-splashscreen/www/
GoUp.app/www/plugins/cordova-plugin-statusbar/
GoUp.app/www/plugins/cordova-plugin-statusbar/www/
GoUp.app/www/plugins/cordova-plugin-wkwebview-engine/
GoUp.app/www/plugins/cordova-plugin-wkwebview-engine/src/
GoUp.app/www/plugins/cordova-plugin-wkwebview-engine/src/www/
GoUp.app/www/plugins/cordova-plugin-wkwebview-engine/src/www/ios/
GoUp.app/www/plugins/cordova-plugin-x-socialsharing/
GoUp.app/www/plugins/cordova-plugin-x-socialsharing/www/
GoUp.app/www/plugins/es6-promise-plugin/
GoUp.app/www/plugins/es6-promise-plugin/www/
GoUp.app/www/static/
GoUp.app/www/static/assets/
GoUp.app/www/static/assets/img/
GoUp.app/www/static/assets/img/icons/
2017-12-27 10:21:38 +0000  GoUp.app/www/static/assets/img/logos/
GoUp.app/www/static/build/
GoUp.app/www/static/build/css/
GoUp.app/www/static/build/fonts/
GoUp.app/www/static/build/fonts/lato/
GoUp.app/www/static/build/images/
GoUp.app/www/static/build/js/
GoUp.app/www/static/css/
GoUp.app/www/static/fonts/
GoUp.app/www/static/img/
GoUp.app/www/static/js/
2017-12-27 10:21:38 +0000  
sent 7.87K bytes  received 332 bytes  16.38K bytes/sec
total size is 25.64M  speedup is 3205.59
2017-12-27 10:21:38 +0000  
2017-12-27 10:21:38 +0000  /usr/bin/rsync exited with 0
2017-12-27 10:21:38 +0000  2017-12-27 10:21:38 +0000  

2017-12-27 10:21:38 +0000  Running /usr/bin/rsync '-8aPhhE' '/Users/igortrindade/Library/Developer/Xcode/Archives/2017-12-27/GoUp 27-12-2017 08.21.xcarchive/dSYMs/' '--link-dest' '/Users/igortrindade/Library/Developer/Xcode/Archives/2017-12-27/GoUp 27-12-2017 08.21.xcarchive/dSYMs/' '/var/folders/dh/7z8wnl2j5_v0jk6vcykb9mcr0000gn/T/XcodeDistPipeline.wNc'
2017-12-27 10:21:38 +0000  building file list ... 
2017-12-27 10:21:38 +0000   0 files...2017-12-27 10:21:38 +0000  7 files to consider
2017-12-27 10:21:38 +0000  ./
2017-12-27 10:21:38 +0000  GoUp.app.dSYM/
GoUp.app.dSYM/Contents/
2017-12-27 10:21:38 +0000  GoUp.app.dSYM/Contents/Resources/
GoUp.app.dSYM/Contents/Resources/DWARF/
2017-12-27 10:21:38 +0000  
sent 235 bytes  received 50 bytes  570.00 bytes/sec
total size is 3.75M  speedup is 13809.64
2017-12-27 10:21:38 +0000  2017-12-27 10:21:38 +0000  

2017-12-27 10:21:38 +0000  2017-12-27 10:21:38 +0000  

2017-12-27 10:21:38 +0000  2017-12-27 10:21:38 +0000  

2017-12-27 10:21:38 +0000  /usr/bin/rsync exited with 0
2017-12-27 10:21:38 +0000  
2017-12-27 10:21:38 +0000  
2017-12-27 10:21:38 +0000  Running /Applications/Xcode.app/Contents/Developer/usr/bin/symbols '-noTextInSOD' '-noDaemon' '-arch' 'all' '-symbolsPackageDir' '/var/folders/dh/7z8wnl2j5_v0jk6vcykb9mcr0000gn/T/XcodeDistPipeline.wNc/Symbols' '/var/folders/dh/7z8wnl2j5_v0jk6vcykb9mcr0000gn/T/XcodeDistPipeline.wNc/GoUp.app.dSYM/Contents/Resources/Dwarf/GoUp'
2017-12-27 10:21:39 +0000  /var/folders/dh/7z8wnl2j5_v0jk6vcykb9mcr0000gn/T/XcodeDistPipeline.wNc/GoUp.app.dSYM/Contents/Resources/Dwarf/GoUp [armv7, 0.110100 seconds]:
/var/folders/dh/7z8wnl2j5_v0jk6vcykb9mcr0000gn/T/XcodeDistPipeline.wNc/GoUp.app.dSYM/Contents/Resources/Dwarf/GoUp [arm64, 0.110100 seconds]:
2017-12-27 10:21:39 +0000  2017-12-27 10:21:39 +0000  

2017-12-27 10:21:39 +0000  
2017-12-27 10:21:39 +0000  
2017-12-27 10:21:39 +0000  2017-12-27 10:21:39 +0000  /Applications/Xcode.app/Contents/Developer/usr/bin/symbols exited with 0
2017-12-27 10:21:39 +0000  

2017-12-27 10:21:39 +0000  
2017-12-27 10:21:39 +0000  Processing step: IDEDistributionCopyAppleProvidedContentStep
2017-12-27 10:21:39 +0000  Processing step: IDEDistributionAppThinningStep
2017-12-27 10:21:39 +0000  Skipping step: IDEDistributionAppThinningStep because it said so
2017-12-27 10:21:39 +0000  Processing step: IDEDistributionODRStep
2017-12-27 10:21:39 +0000  Processing step: IDEDistributionStripXattrsStep
2017-12-27 10:21:39 +0000  Running /usr/bin/xattr '-crs' '/var/folders/dh/7z8wnl2j5_v0jk6vcykb9mcr0000gn/T/XcodeDistPipeline.wNc/Root/Payload/GoUp.app'
2017-12-27 10:21:39 +0000  2017-12-27 10:21:39 +0000  
2017-12-27 10:21:39 +0000  /usr/bin/xattr exited with 0

2017-12-27 10:21:39 +0000  2017-12-27 10:21:39 +0000  Processing step: IDEDistributionCodesignStep

2017-12-27 10:21:39 +0000  Applying entitlements delta for <IDEDistributionItem: 0x7f95d224fb10 'today.goup' '<DVTFilePath:0x7f95ee333810:'/Users/igortrindade/Library/Developer/Xcode/Archives/2017-12-27/GoUp 27-12-2017 08.21.xcarchive/Products/Applications/GoUp.app'>'> from <IDEiCloudEntitlementsProcessor: 0x7f95efa9def0>: {
}
2017-12-27 10:21:39 +0000  Entitlements for <IDEDistributionItem: 0x7f95d224fb10 'today.goup' '<DVTFilePath:0x7f95ee333810:'/Users/igortrindade/Library/Developer/Xcode/Archives/2017-12-27/GoUp 27-12-2017 08.21.xcarchive/Products/Applications/GoUp.app'>'>: {
    "application-identifier" = "39UED342Q3.today.goup";
    "aps-environment" = production;
    "beta-reports-active" = 1;
    "com.apple.developer.team-identifier" = 39UED342Q3;
    "get-task-allow" = 0;
}
2017-12-27 10:21:39 +0000  Writing entitlements for <IDEDistributionItem: 0x7f95d224fb10 'today.goup' '<DVTFilePath:0x7f95ee333810:'/Users/igortrindade/Library/Developer/Xcode/Archives/2017-12-27/GoUp 27-12-2017 08.21.xcarchive/Products/Applications/GoUp.app'>'> to: /var/folders/dh/7z8wnl2j5_v0jk6vcykb9mcr0000gn/T/XcodeDistPipeline.wNc/entitlementsysWWz4
2017-12-27 10:21:39 +0000  Running /usr/bin/codesign '-vvv' '--force' '--sign' '29E9CF46D25A2AC27F02C6301926DEB51574D945' '--preserve-metadata=identifier,flags' '--entitlements' '/var/folders/dh/7z8wnl2j5_v0jk6vcykb9mcr0000gn/T/XcodeDistPipeline.wNc/entitlementsysWWz4' '/var/folders/dh/7z8wnl2j5_v0jk6vcykb9mcr0000gn/T/XcodeDistPipeline.wNc/Root/Payload/GoUp.app'
2017-12-27 10:21:39 +0000  /var/folders/dh/7z8wnl2j5_v0jk6vcykb9mcr0000gn/T/XcodeDistPipeline.wNc/Root/Payload/GoUp.app: replacing existing signature
2017-12-27 10:21:40 +0000  /var/folders/dh/7z8wnl2j5_v0jk6vcykb9mcr0000gn/T/XcodeDistPipeline.wNc/Root/Payload/GoUp.app: signed app bundle with Mach-O universal (armv7 arm64) [today.goup]
2017-12-27 10:21:40 +0000  2017-12-27 10:21:40 +0000  

2017-12-27 10:21:40 +0000  
2017-12-27 10:21:40 +0000  2017-12-27 10:21:40 +0000  2017-12-27 10:21:40 +0000  /usr/bin/codesign exited with 0


2017-12-27 10:21:40 +0000  
2017-12-27 10:21:40 +0000  Processing step: IDEDistributionStreamingZipItemStep
2017-12-27 10:21:40 +0000  Skipping step: IDEDistributionStreamingZipItemStep because it said so
2017-12-27 10:21:40 +0000  Processing step: IDEDistributionCreateIPAStep
2017-12-27 10:21:40 +0000  Running /usr/bin/rsync '-8aPhhE' '/var/folders/dh/7z8wnl2j5_v0jk6vcykb9mcr0000gn/T/XcodeDistPipeline.wNc/Symbols' '--link-dest' '/var/folders/dh/7z8wnl2j5_v0jk6vcykb9mcr0000gn/T/XcodeDistPipeline.wNc' '/var/folders/dh/7z8wnl2j5_v0jk6vcykb9mcr0000gn/T/XcodeDistPipeline.wNc/Root'
2017-12-27 10:21:40 +0000  building file list ... 
 0 files...2017-12-27 10:21:40 +0000  3 files to consider
2017-12-27 10:21:40 +0000  Symbols/
2017-12-27 10:21:40 +0000  
sent 201 bytes  received 26 bytes  454.00 bytes/sec
2017-12-27 10:21:40 +0000  total size is 1.87M  speedup is 8624.39
2017-12-27 10:21:40 +0000  
2017-12-27 10:21:40 +0000  
2017-12-27 10:21:40 +0000  
2017-12-27 10:21:40 +0000  /usr/bin/rsync exited with 0
2017-12-27 10:21:40 +0000  2017-12-27 10:21:40 +0000  

2017-12-27 10:21:40 +0000  Running /usr/bin/ditto '-V' '-c' '-k' '--norsrc' '/var/folders/dh/7z8wnl2j5_v0jk6vcykb9mcr0000gn/T/XcodeDistPipeline.wNc/Root' '/var/folders/dh/7z8wnl2j5_v0jk6vcykb9mcr0000gn/T/XcodeDistPipeline.wNc/Packages/GoUp.ipa'
2017-12-27 10:21:40 +0000  >>> Copying /var/folders/dh/7z8wnl2j5_v0jk6vcykb9mcr0000gn/T/XcodeDistPipeline.wNc/Root 
2017-12-27 10:21:40 +0000  copying file ./Payload/GoUp.app/_CodeSignature/CodeResources ... 
2017-12-27 10:21:40 +0000  78247 bytes for ./Payload/GoUp.app/_CodeSignature/CodeResources
2017-12-27 10:21:40 +0000  copying file ./Payload/GoUp.app/LaunchImage@2x.png ... 
2017-12-27 10:21:40 +0000  78588 bytes for ./Payload/GoUp.app/LaunchImage@2x.png
2017-12-27 10:21:40 +0000  copying file ./Payload/GoUp.app/AppIcon20x20@2x.png ... 
2017-12-27 10:21:40 +0000  1616 bytes for ./Payload/GoUp.app/AppIcon20x20@2x.png
2017-12-27 10:21:40 +0000  copying file ./Payload/GoUp.app/MainViewController.nib ... 
2017-12-27 10:21:40 +0000  943 bytes for ./Payload/GoUp.app/MainViewController.nib
copying file ./Payload/GoUp.app/AppIcon57x57.png ... 
2017-12-27 10:21:40 +0000  2484 bytes for ./Payload/GoUp.app/AppIcon57x57.png
2017-12-27 10:21:40 +0000  copying file ./Payload/GoUp.app/AppIcon20x20@3x.png ... 
2017-12-27 10:21:40 +0000  2603 bytes for ./Payload/GoUp.app/AppIcon20x20@3x.png
2017-12-27 10:21:40 +0000  copying file ./Payload/GoUp.app/AppIcon29x29.png ... 
2017-12-27 10:21:40 +0000  1240 bytes for ./Payload/GoUp.app/AppIcon29x29.png
2017-12-27 10:21:40 +0000  copying file ./Payload/GoUp.app/LaunchImage-568h@2x.png ... 
2017-12-27 10:21:40 +0000  90023 bytes for ./Payload/GoUp.app/LaunchImage-568h@2x.png
copying file ./Payload/GoUp.app/AppIcon60x60@2x.png ... 
2017-12-27 10:21:40 +0000  6312 bytes for ./Payload/GoUp.app/AppIcon60x60@2x.png
2017-12-27 10:21:40 +0000  copying file ./Payload/GoUp.app/AppIcon72x72@2x~ipad.png ... 
2017-12-27 10:21:40 +0000  8135 bytes for ./Payload/GoUp.app/AppIcon72x72@2x~ipad.png
copying file ./Payload/GoUp.app/AppIcon29x29@2x.png ... 
2017-12-27 10:21:40 +0000  2509 bytes for ./Payload/GoUp.app/AppIcon29x29@2x.png
copying file ./Payload/GoUp.app/GoUp ... 
2017-12-27 10:21:40 +0000  3406032 bytes for ./Payload/GoUp.app/GoUp
2017-12-27 10:21:40 +0000  copying file ./Payload/GoUp.app/LaunchImage-800-667h@2x.png ... 
2017-12-27 10:21:40 +0000  111824 bytes for ./Payload/GoUp.app/LaunchImage-800-667h@2x.png
2017-12-27 10:21:40 +0000  copying file ./Payload/GoUp.app/LaunchImage-Portrait@2x~ipad.png ... 
2017-12-27 10:21:40 +0000  217074 bytes for ./Payload/GoUp.app/LaunchImage-Portrait@2x~ipad.png
2017-12-27 10:21:40 +0000  copying file ./Payload/GoUp.app/AppIcon40x40@3x.png ... 
6312 bytes for ./Payload/GoUp.app/AppIcon40x40@3x.png
copying file ./Payload/GoUp.app/AppIcon57x57@2x.png ... 
5920 bytes for ./Payload/GoUp.app/AppIcon57x57@2x.png
copying file ./Payload/GoUp.app/AppIcon29x29~ipad.png ... 
2017-12-27 10:21:40 +0000  1240 bytes for ./Payload/GoUp.app/AppIcon29x29~ipad.png
2017-12-27 10:21:40 +0000  copying file ./Payload/GoUp.app/AppIcon40x40@2x.png ... 
2017-12-27 10:21:40 +0000  3976 bytes for ./Payload/GoUp.app/AppIcon40x40@2x.png
2017-12-27 10:21:40 +0000  copying file ./Payload/GoUp.app/LaunchImage-Portrait~ipad.png ... 
2017-12-27 10:21:40 +0000  87669 bytes for ./Payload/GoUp.app/LaunchImage-Portrait~ipad.png
2017-12-27 10:21:40 +0000  copying file ./Payload/GoUp.app/AppIcon29x29@3x.png ... 
2017-12-27 10:21:40 +0000  4321 bytes for ./Payload/GoUp.app/AppIcon29x29@3x.png
2017-12-27 10:21:40 +0000  copying file ./Payload/GoUp.app/GoogleService-Info.plist ... 
2017-12-27 10:21:40 +0000  852 bytes for ./Payload/GoUp.app/GoogleService-Info.plist
copying file ./Payload/GoUp.app/AppIcon60x60@3x.png ... 
2017-12-27 10:21:40 +0000  11002 bytes for ./Payload/GoUp.app/AppIcon60x60@3x.png
2017-12-27 10:21:40 +0000  copying file ./Payload/GoUp.app/config.xml ... 
2017-12-27 10:21:40 +0000  7905 bytes for ./Payload/GoUp.app/config.xml
2017-12-27 10:21:40 +0000  copying file ./Payload/GoUp.app/www/index.html ... 
2017-12-27 10:21:40 +0000  1802 bytes for ./Payload/GoUp.app/www/index.html
2017-12-27 10:21:40 +0000  copying file ./Payload/GoUp.app/www/cordova.js ... 
2017-12-27 10:21:40 +0000  78044 bytes for ./Payload/GoUp.app/www/cordova.js
2017-12-27 10:21:40 +0000  copying file ./Payload/GoUp.app/www/plugins/cordova-plugin-file/www/requestFileSystem.js ... 
2017-12-27 10:21:40 +0000  3244 bytes for ./Payload/GoUp.app/www/plugins/cordova-plugin-file/www/requestFileSystem.js
2017-12-27 10:21:40 +0000  copying file ./Payload/GoUp.app/www/plugins/cordova-plugin-file/www/DirectoryEntry.js ... 
2017-12-27 10:21:40 +0000  4681 bytes for ./Payload/GoUp.app/www/plugins/cordova-plugin-file/www/DirectoryEntry.js
2017-12-27 10:21:40 +0000  copying file ./Payload/GoUp.app/www/plugins/cordova-plugin-file/www/FileSystem.js ... 
2017-12-27 10:21:40 +0000  1960 bytes for ./Payload/GoUp.app/www/plugins/cordova-plugin-file/www/FileSystem.js
2017-12-27 10:21:40 +0000  copying file ./Payload/GoUp.app/www/plugins/cordova-plugin-file/www/Flags.js ... 
2017-12-27 10:21:40 +0000  1336 bytes for ./Payload/GoUp.app/www/plugins/cordova-plugin-file/www/Flags.js
copying file ./Payload/GoUp.app/www/plugins/cordova-plugin-file/www/fileSystemPaths.js ... 
2017-12-27 10:21:40 +0000  2548 bytes for ./Payload/GoUp.app/www/plugins/cordova-plugin-file/www/fileSystemPaths.js
copying file ./Payload/GoUp.app/www/plugins/cordova-plugin-file/www/FileEntry.js ... 
2017-12-27 10:21:40 +0000  3423 bytes for ./Payload/GoUp.app/www/plugins/cordova-plugin-file/www/FileEntry.js
copying file ./Payload/GoUp.app/www/plugins/cordova-plugin-file/www/fileSystems.js ... 
2017-12-27 10:21:40 +0000  1047 bytes for ./Payload/GoUp.app/www/plugins/cordova-plugin-file/www/fileSystems.js
2017-12-27 10:21:40 +0000  copying file ./Payload/GoUp.app/www/plugins/cordova-plugin-file/www/DirectoryReader.js ... 
2017-12-27 10:21:40 +0000  2724 bytes for ./Payload/GoUp.app/www/plugins/cordova-plugin-file/www/DirectoryReader.js
copying file ./Payload/GoUp.app/www/plugins/cordova-plugin-file/www/Metadata.js ... 
2017-12-27 10:21:40 +0000  1488 bytes for ./Payload/GoUp.app/www/plugins/cordova-plugin-file/www/Metadata.js
2017-12-27 10:21:40 +0000  copying file ./Payload/GoUp.app/www/plugins/cordova-plugin-file/www/ios/FileSystem.js ... 
2017-12-27 10:21:40 +0000  1222 bytes for ./Payload/GoUp.app/www/plugins/cordova-plugin-file/www/ios/FileSystem.js
2017-12-27 10:21:40 +0000  copying file ./Payload/GoUp.app/www/plugins/cordova-plugin-file/www/browser/isChrome.js ... 
2017-12-27 10:21:40 +0000  1232 bytes for ./Payload/GoUp.app/www/plugins/cordova-plugin-file/www/browser/isChrome.js
2017-12-27 10:21:40 +0000  copying file ./Payload/GoUp.app/www/plugins/cordova-plugin-file/www/LocalFileSystem.js ... 
2017-12-27 10:21:40 +0000  957 bytes for ./Payload/GoUp.app/www/plugins/cordova-plugin-file/www/LocalFileSystem.js
2017-12-27 10:21:40 +0000  copying file ./Payload/GoUp.app/www/plugins/cordova-plugin-file/www/FileReader.js ... 
2017-12-27 10:21:40 +0000  10523 bytes for ./Payload/GoUp.app/www/plugins/cordova-plugin-file/www/FileReader.js
2017-12-27 10:21:40 +0000  copying file ./Payload/GoUp.app/www/plugins/cordova-plugin-file/www/fileSystems-roots.js ... 
2017-12-27 10:21:40 +0000  1598 bytes for ./Payload/GoUp.app/www/plugins/cordova-plugin-file/www/fileSystems-roots.js
copying file ./Payload/GoUp.app/www/plugins/cordova-plugin-file/www/FileUploadOptions.js ... 
2017-12-27 10:21:40 +0000  1831 bytes for ./Payload/GoUp.app/www/plugins/cordova-plugin-file/www/FileUploadOptions.js
2017-12-27 10:21:40 +0000  copying file ./Payload/GoUp.app/www/plugins/cordova-plugin-file/www/FileWriter.js ... 
2017-12-27 10:21:40 +0000  10544 bytes for ./Payload/GoUp.app/www/plugins/cordova-plugin-file/www/FileWriter.js
2017-12-27 10:21:40 +0000  copying file ./Payload/GoUp.app/www/plugins/cordova-plugin-file/www/FileError.js ... 
2017-12-27 10:21:40 +0000  1483 bytes for ./Payload/GoUp.app/www/plugins/cordova-plugin-file/www/FileError.js
copying file ./Payload/GoUp.app/www/plugins/cordova-plugin-file/www/FileUploadResult.js ... 
2017-12-27 10:21:40 +0000  1111 bytes for ./Payload/GoUp.app/www/plugins/cordova-plugin-file/www/FileUploadResult.js
2017-12-27 10:21:40 +0000  copying file ./Payload/GoUp.app/www/plugins/cordova-plugin-file/www/ProgressEvent.js ... 
2017-12-27 10:21:40 +0000  2544 bytes for ./Payload/GoUp.app/www/plugins/cordova-plugin-file/www/ProgressEvent.js
2017-12-27 10:21:40 +0000  copying file ./Payload/GoUp.app/www/plugins/cordova-plugin-file/www/File.js ... 
2017-12-27 10:21:40 +0000  2714 bytes for ./Payload/GoUp.app/www/plugins/cordova-plugin-file/www/File.js
2017-12-27 10:21:40 +0000  copying file ./Payload/GoUp.app/www/plugins/cordova-plugin-file/www/resolveLocalFileSystemURI.js ... 
2017-12-27 10:21:40 +0000  4325 bytes for ./Payload/GoUp.app/www/plugins/cordova-plugin-file/www/resolveLocalFileSystemURI.js
2017-12-27 10:21:40 +0000  copying file ./Payload/GoUp.app/www/plugins/cordova-plugin-file/www/Entry.js ... 
2017-12-27 10:21:40 +0000  9869 bytes for ./Payload/GoUp.app/www/plugins/cordova-plugin-file/www/Entry.js
2017-12-27 10:21:40 +0000  copying file ./Payload/GoUp.app/www/plugins/es6-promise-plugin/www/promise.js ... 
2017-12-27 10:21:40 +0000  8402 bytes for ./Payload/GoUp.app/www/plugins/es6-promise-plugin/www/promise.js
2017-12-27 10:21:40 +0000  copying file ./Payload/GoUp.app/www/plugins/cordova-plugin-inappbrowser/www/inappbrowser.js ... 
2017-12-27 10:21:40 +0000  4425 bytes for ./Payload/GoUp.app/www/plugins/cordova-plugin-inappbrowser/www/inappbrowser.js
2017-12-27 10:21:40 +0000  copying file ./Payload/GoUp.app/www/plugins/cordova-plugin-geolocation/www/geolocation.js ... 
2017-12-27 10:21:40 +0000  8660 bytes for ./Payload/GoUp.app/www/plugins/cordova-plugin-geolocation/www/geolocation.js
2017-12-27 10:21:40 +0000  copying file ./Payload/GoUp.app/www/plugins/cordova-plugin-geolocation/www/PositionError.js ... 
2017-12-27 10:21:40 +0000  1377 bytes for ./Payload/GoUp.app/www/plugins/cordova-plugin-geolocation/www/PositionError.js
copying file ./Payload/GoUp.app/www/plugins/cordova-plugin-geolocation/www/Coordinates.js ... 
2017-12-27 10:21:40 +0000  2076 bytes for ./Payload/GoUp.app/www/plugins/cordova-plugin-geolocation/www/Coordinates.js
2017-12-27 10:21:40 +0000  copying file ./Payload/GoUp.app/www/plugins/cordova-plugin-geolocation/www/Position.js ... 
2017-12-27 10:21:40 +0000  1359 bytes for ./Payload/GoUp.app/www/plugins/cordova-plugin-geolocation/www/Position.js
2017-12-27 10:21:40 +0000  copying file ./Payload/GoUp.app/www/plugins/cordova-plugin-file-transfer/www/FileTransferError.js ... 
2017-12-27 10:21:40 +0000  1488 bytes for ./Payload/GoUp.app/www/plugins/cordova-plugin-file-transfer/www/FileTransferError.js
2017-12-27 10:21:40 +0000  copying file ./Payload/GoUp.app/www/plugins/cordova-plugin-file-transfer/www/FileTransfer.js ... 
2017-12-27 10:21:40 +0000  8568 bytes for ./Payload/GoUp.app/www/plugins/cordova-plugin-file-transfer/www/FileTransfer.js
2017-12-27 10:21:40 +0000  copying file ./Payload/GoUp.app/www/plugins/cordova-plugin-camera/www/CameraPopoverOptions.js ... 
2017-12-27 10:21:40 +0000  2297 bytes for ./Payload/GoUp.app/www/plugins/cordova-plugin-camera/www/CameraPopoverOptions.js
2017-12-27 10:21:40 +0000  copying file ./Payload/GoUp.app/www/plugins/cordova-plugin-camera/www/ios/CameraPopoverHandle.js ... 
2017-12-27 10:21:40 +0000  2269 bytes for ./Payload/GoUp.app/www/plugins/cordova-plugin-camera/www/ios/CameraPopoverHandle.js
2017-12-27 10:21:40 +0000  copying file ./Payload/GoUp.app/www/plugins/cordova-plugin-camera/www/CameraConstants.js ... 
2017-12-27 10:21:40 +0000  3297 bytes for ./Payload/GoUp.app/www/plugins/cordova-plugin-camera/www/CameraConstants.js
2017-12-27 10:21:40 +0000  copying file ./Payload/GoUp.app/www/plugins/cordova-plugin-camera/www/Camera.js ... 
2017-12-27 10:21:40 +0000  8006 bytes for ./Payload/GoUp.app/www/plugins/cordova-plugin-camera/www/Camera.js
2017-12-27 10:21:40 +0000  copying file ./Payload/GoUp.app/www/plugins/com.bez4pieci.cookies/www/cookies.js ... 
2017-12-27 10:21:40 +0000  1748 bytes for ./Payload/GoUp.app/www/plugins/com.bez4pieci.cookies/www/cookies.js
2017-12-27 10:21:40 +0000  copying file ./Payload/GoUp.app/www/plugins/cordova-plugin-wkwebview-engine/src/www/ios/ios-wkwebview.js ... 
2017-12-27 10:21:40 +0000  1167 bytes for ./Payload/GoUp.app/www/plugins/cordova-plugin-wkwebview-engine/src/www/ios/ios-wkwebview.js
2017-12-27 10:21:40 +0000  copying file ./Payload/GoUp.app/www/plugins/cordova-plugin-wkwebview-engine/src/www/ios/ios-wkwebview-exec.js ... 
2017-12-27 10:21:40 +0000  6170 bytes for ./Payload/GoUp.app/www/plugins/cordova-plugin-wkwebview-engine/src/www/ios/ios-wkwebview-exec.js
2017-12-27 10:21:40 +0000  copying file ./Payload/GoUp.app/www/plugins/cordova-plugin-statusbar/www/statusbar.js ... 
2017-12-27 10:21:40 +0000  3376 bytes for ./Payload/GoUp.app/www/plugins/cordova-plugin-statusbar/www/statusbar.js
2017-12-27 10:21:40 +0000  copying file ./Payload/GoUp.app/www/plugins/cordova-plugin-splashscreen/www/splashscreen.js ... 
2017-12-27 10:21:40 +0000  1173 bytes for ./Payload/GoUp.app/www/plugins/cordova-plugin-splashscreen/www/splashscreen.js
2017-12-27 10:21:40 +0000  copying file ./Payload/GoUp.app/www/plugins/cordova-plugin-x-socialsharing/www/SocialSharing.js ... 
2017-12-27 10:21:40 +0000  7043 bytes for ./Payload/GoUp.app/www/plugins/cordova-plugin-x-socialsharing/www/SocialSharing.js
2017-12-27 10:21:40 +0000  copying file ./Payload/GoUp.app/www/plugins/cordova-plugin-fcm/www/FCMPlugin.js ... 
2017-12-27 10:21:40 +0000  1639 bytes for ./Payload/GoUp.app/www/plugins/cordova-plugin-fcm/www/FCMPlugin.js
2017-12-27 10:21:40 +0000  copying file ./Payload/GoUp.app/www/static/css/app.cd99df182a48578d3561aafe3cbe0679.css.map ... 
2017-12-27 10:21:40 +0000  85720 bytes for ./Payload/GoUp.app/www/static/css/app.cd99df182a48578d3561aafe3cbe0679.css.map
copying file ./Payload/GoUp.app/www/static/css/app.cd99df182a48578d3561aafe3cbe0679.css ... 
2017-12-27 10:21:40 +0000  43957 bytes for ./Payload/GoUp.app/www/static/css/app.cd99df182a48578d3561aafe3cbe0679.css
2017-12-27 10:21:40 +0000  copying file ./Payload/GoUp.app/www/static/js/4.762d2c97b19b1dd3d1f2.js.map ... 
2017-12-27 10:21:40 +0000  418016 bytes for ./Payload/GoUp.app/www/static/js/4.762d2c97b19b1dd3d1f2.js.map
2017-12-27 10:21:40 +0000  copying file ./Payload/GoUp.app/www/static/js/5.486a7f2a109ab86204b8.js ... 
2017-12-27 10:21:40 +0000  59534 bytes for ./Payload/GoUp.app/www/static/js/5.486a7f2a109ab86204b8.js
2017-12-27 10:21:40 +0000  copying file ./Payload/GoUp.app/www/static/js/17.ee56385bbea80fffb461.js.map ... 
2017-12-27 10:21:40 +0000  3148 bytes for ./Payload/GoUp.app/www/static/js/17.ee56385bbea80fffb461.js.map
2017-12-27 10:21:40 +0000  copying file ./Payload/GoUp.app/www/static/js/9.34554c767bd2b1898c96.js.map ... 
2017-12-27 10:21:40 +0000  79735 bytes for ./Payload/GoUp.app/www/static/js/9.34554c767bd2b1898c96.js.map
copying file ./Payload/GoUp.app/www/static/js/12.78d9d712bcd5a3387a99.js ... 
2017-12-27 10:21:40 +0000  11290 bytes for ./Payload/GoUp.app/www/static/js/12.78d9d712bcd5a3387a99.js
2017-12-27 10:21:40 +0000  copying file ./Payload/GoUp.app/www/static/js/app.ad07c43fabbee07eb6b4.js ... 
2017-12-27 10:21:40 +0000  310049 bytes for ./Payload/GoUp.app/www/static/js/app.ad07c43fabbee07eb6b4.js
copying file ./Payload/GoUp.app/www/static/js/13.cb5c37c780d44d822431.js ... 
2017-12-27 10:21:40 +0000  2678 bytes for ./Payload/GoUp.app/www/static/js/13.cb5c37c780d44d822431.js
2017-12-27 10:21:40 +0000  copying file ./Payload/GoUp.app/www/static/js/6.e31e0d649d83498b2a4f.js.map ... 
2017-12-27 10:21:40 +0000  108794 bytes for ./Payload/GoUp.app/www/static/js/6.e31e0d649d83498b2a4f.js.map
2017-12-27 10:21:40 +0000  copying file ./Payload/GoUp.app/www/static/js/11.20b21ff72bf51a1582ec.js ... 
2017-12-27 10:21:40 +0000  4349 bytes for ./Payload/GoUp.app/www/static/js/11.20b21ff72bf51a1582ec.js
copying file ./Payload/GoUp.app/www/static/js/0.73226424b86ddc2fb26e.js.map ... 
2017-12-27 10:21:40 +0000  229578 bytes for ./Payload/GoUp.app/www/static/js/0.73226424b86ddc2fb26e.js.map
2017-12-27 10:21:40 +0000  copying file ./Payload/GoUp.app/www/static/js/manifest.71012bd3d25c28e0db1d.js ... 
2017-12-27 10:21:40 +0000  2012 bytes for ./Payload/GoUp.app/www/static/js/manifest.71012bd3d25c28e0db1d.js
copying file ./Payload/GoUp.app/www/static/js/manifest.71012bd3d25c28e0db1d.js.map ... 
2017-12-27 10:21:40 +0000  15997 bytes for ./Payload/GoUp.app/www/static/js/manifest.71012bd3d25c28e0db1d.js.map
2017-12-27 10:21:40 +0000  copying file ./Payload/GoUp.app/www/static/js/7.8ded0f5067acc96d3903.js.map ... 
2017-12-27 10:21:40 +0000  97814 bytes for ./Payload/GoUp.app/www/static/js/7.8ded0f5067acc96d3903.js.map
2017-12-27 10:21:40 +0000  copying file ./Payload/GoUp.app/www/static/js/vendor.b71561d5570004995eec.js.map ... 
2017-12-27 10:21:40 +0000  7638875 bytes for ./Payload/GoUp.app/www/static/js/vendor.b71561d5570004995eec.js.map
copying file ./Payload/GoUp.app/www/static/js/5.486a7f2a109ab86204b8.js.map ... 
2017-12-27 10:21:40 +0000  207366 bytes for ./Payload/GoUp.app/www/static/js/5.486a7f2a109ab86204b8.js.map
copying file ./Payload/GoUp.app/www/static/js/13.cb5c37c780d44d822431.js.map ... 
2017-12-27 10:21:40 +0000  15335 bytes for ./Payload/GoUp.app/www/static/js/13.cb5c37c780d44d822431.js.map
2017-12-27 10:21:40 +0000  copying file ./Payload/GoUp.app/www/static/js/2.5fa499c5beae79181058.js.map ... 
2017-12-27 10:21:40 +0000  431682 bytes for ./Payload/GoUp.app/www/static/js/2.5fa499c5beae79181058.js.map
copying file ./Payload/GoUp.app/www/static/js/15.21d9afef248844e76c8e.js ... 
2017-12-27 10:21:40 +0000  406 bytes for ./Payload/GoUp.app/www/static/js/15.21d9afef248844e76c8e.js
copying file ./Payload/GoUp.app/www/static/js/14.b1fd3f3845d0b5d84b6f.js.map ... 
2017-12-27 10:21:40 +0000  47677 bytes for ./Payload/GoUp.app/www/static/js/14.b1fd3f3845d0b5d84b6f.js.map
2017-12-27 10:21:40 +0000  copying file ./Payload/GoUp.app/www/static/js/1.8256316ea190270455a0.js.map ... 
2017-12-27 10:21:40 +0000  254355 bytes for ./Payload/GoUp.app/www/static/js/1.8256316ea190270455a0.js.map
2017-12-27 10:21:40 +0000  copying file ./Payload/GoUp.app/www/static/js/16.51dd7405a17f9eeb589b.js.map ... 
2017-12-27 10:21:40 +0000  3124 bytes for ./Payload/GoUp.app/www/static/js/16.51dd7405a17f9eeb589b.js.map
copying file ./Payload/GoUp.app/www/static/js/7.8ded0f5067acc96d3903.js ... 
2017-12-27 10:21:40 +0000  26276 bytes for ./Payload/GoUp.app/www/static/js/7.8ded0f5067acc96d3903.js
2017-12-27 10:21:40 +0000  copying file ./Payload/GoUp.app/www/static/js/12.78d9d712bcd5a3387a99.js.map ... 
2017-12-27 10:21:40 +0000  58138 bytes for ./Payload/GoUp.app/www/static/js/12.78d9d712bcd5a3387a99.js.map
2017-12-27 10:21:40 +0000  copying file ./Payload/GoUp.app/www/static/js/0.73226424b86ddc2fb26e.js ... 
2017-12-27 10:21:40 +0000  42223 bytes for ./Payload/GoUp.app/www/static/js/0.73226424b86ddc2fb26e.js
2017-12-27 10:21:40 +0000  copying file ./Payload/GoUp.app/www/static/js/8.9fec32b983004a4600f3.js ... 
2017-12-27 10:21:40 +0000  26535 bytes for ./Payload/GoUp.app/www/static/js/8.9fec32b983004a4600f3.js
2017-12-27 10:21:40 +0000  copying file ./Payload/GoUp.app/www/static/js/11.20b21ff72bf51a1582ec.js.map ... 
2017-12-27 10:21:40 +0000  27731 bytes for ./Payload/GoUp.app/www/static/js/11.20b21ff72bf51a1582ec.js.map
2017-12-27 10:21:40 +0000  copying file ./Payload/GoUp.app/www/static/js/16.51dd7405a17f9eeb589b.js ... 
2017-12-27 10:21:40 +0000  400 bytes for ./Payload/GoUp.app/www/static/js/16.51dd7405a17f9eeb589b.js
2017-12-27 10:21:40 +0000  copying file ./Payload/GoUp.app/www/static/js/18.702f1e02e4f4d148060b.js.map ... 
2017-12-27 10:21:40 +0000  3141 bytes for ./Payload/GoUp.app/www/static/js/18.702f1e02e4f4d148060b.js.map
2017-12-27 10:21:40 +0000  copying file ./Payload/GoUp.app/www/static/js/4.762d2c97b19b1dd3d1f2.js ... 
2017-12-27 10:21:40 +0000  104105 bytes for ./Payload/GoUp.app/www/static/js/4.762d2c97b19b1dd3d1f2.js
2017-12-27 10:21:40 +0000  copying file ./Payload/GoUp.app/www/static/js/19.91006263326bc2b48dd2.js.map ... 
2017-12-27 10:21:40 +0000  5420 bytes for ./Payload/GoUp.app/www/static/js/19.91006263326bc2b48dd2.js.map
copying file ./Payload/GoUp.app/www/static/js/14.b1fd3f3845d0b5d84b6f.js ... 
2017-12-27 10:21:40 +0000  9086 bytes for ./Payload/GoUp.app/www/static/js/14.b1fd3f3845d0b5d84b6f.js
2017-12-27 10:21:40 +0000  copying file ./Payload/GoUp.app/www/static/js/1.8256316ea190270455a0.js ... 
2017-12-27 10:21:40 +0000  64041 bytes for ./Payload/GoUp.app/www/static/js/1.8256316ea190270455a0.js
2017-12-27 10:21:40 +0000  copying file ./Payload/GoUp.app/www/static/js/3.571063fc3f2b41a32c28.js ... 
2017-12-27 10:21:40 +0000  105317 bytes for ./Payload/GoUp.app/www/static/js/3.571063fc3f2b41a32c28.js
2017-12-27 10:21:40 +0000  copying file ./Payload/GoUp.app/www/static/js/3.571063fc3f2b41a32c28.js.map ... 
2017-12-27 10:21:40 +0000  424365 bytes for ./Payload/GoUp.app/www/static/js/3.571063fc3f2b41a32c28.js.map
copying file ./Payload/GoUp.app/www/static/js/18.702f1e02e4f4d148060b.js ... 
2017-12-27 10:21:40 +0000  408 bytes for ./Payload/GoUp.app/www/static/js/18.702f1e02e4f4d148060b.js
copying file ./Payload/GoUp.app/www/static/js/6.e31e0d649d83498b2a4f.js ... 
2017-12-27 10:21:40 +0000  20488 bytes for ./Payload/GoUp.app/www/static/js/6.e31e0d649d83498b2a4f.js
2017-12-27 10:21:40 +0000  copying file ./Payload/GoUp.app/www/static/js/2.5fa499c5beae79181058.js ... 
2017-12-27 10:21:40 +0000  79194 bytes for ./Payload/GoUp.app/www/static/js/2.5fa499c5beae79181058.js
2017-12-27 10:21:40 +0000  copying file ./Payload/GoUp.app/www/static/js/10.466e4bd2e6f098d33a58.js.map ... 
2017-12-27 10:21:40 +0000  33426 bytes for ./Payload/GoUp.app/www/static/js/10.466e4bd2e6f098d33a58.js.map
2017-12-27 10:21:40 +0000  copying file ./Payload/GoUp.app/www/static/js/15.21d9afef248844e76c8e.js.map ... 
2017-12-27 10:21:40 +0000  3123 bytes for ./Payload/GoUp.app/www/static/js/15.21d9afef248844e76c8e.js.map
copying file ./Payload/GoUp.app/www/static/js/17.ee56385bbea80fffb461.js ... 
2017-12-27 10:21:40 +0000  408 bytes for ./Payload/GoUp.app/www/static/js/17.ee56385bbea80fffb461.js
2017-12-27 10:21:40 +0000  copying file ./Payload/GoUp.app/www/static/js/app.ad07c43fabbee07eb6b4.js.map ... 
2017-12-27 10:21:40 +0000  940486 bytes for ./Payload/GoUp.app/www/static/js/app.ad07c43fabbee07eb6b4.js.map
copying file ./Payload/GoUp.app/www/static/js/9.34554c767bd2b1898c96.js ... 
2017-12-27 10:21:40 +0000  13991 bytes for ./Payload/GoUp.app/www/static/js/9.34554c767bd2b1898c96.js
copying file ./Payload/GoUp.app/www/static/js/8.9fec32b983004a4600f3.js.map ... 
2017-12-27 10:21:40 +0000  99340 bytes for ./Payload/GoUp.app/www/static/js/8.9fec32b983004a4600f3.js.map
copying file ./Payload/GoUp.app/www/static/js/19.91006263326bc2b48dd2.js ... 
2017-12-27 10:21:40 +0000  700 bytes for ./Payload/GoUp.app/www/static/js/19.91006263326bc2b48dd2.js
2017-12-27 10:21:40 +0000  copying file ./Payload/GoUp.app/www/static/js/vendor.b71561d5570004995eec.js ... 
2017-12-27 10:21:41 +0000  1091075 bytes for ./Payload/GoUp.app/www/static/js/vendor.b71561d5570004995eec.js
2017-12-27 10:21:41 +0000  copying file ./Payload/GoUp.app/www/static/js/10.466e4bd2e6f098d33a58.js ... 
5408 bytes for ./Payload/GoUp.app/www/static/js/10.466e4bd2e6f098d33a58.js
copying file ./Payload/GoUp.app/www/static/img/welcome_screens-04.1305556.png ... 
2017-12-27 10:21:41 +0000  424671 bytes for ./Payload/GoUp.app/www/static/img/welcome_screens-04.1305556.png
2017-12-27 10:21:41 +0000  copying file ./Payload/GoUp.app/www/static/img/welcome_screens-05.08a110e.png ... 
2017-12-27 10:21:41 +0000  264468 bytes for ./Payload/GoUp.app/www/static/img/welcome_screens-05.08a110e.png
2017-12-27 10:21:41 +0000  copying file ./Payload/GoUp.app/www/static/img/welcome_screens-01.b2c6e67.png ... 
2017-12-27 10:21:41 +0000  388606 bytes for ./Payload/GoUp.app/www/static/img/welcome_screens-01.b2c6e67.png
2017-12-27 10:21:41 +0000  copying file ./Payload/GoUp.app/www/static/img/LOGOS-02.8525119.png ... 
2017-12-27 10:21:41 +0000  19602 bytes for ./Payload/GoUp.app/www/static/img/LOGOS-02.8525119.png
copying file ./Payload/GoUp.app/www/static/img/hand_pink.41a5bd5.svg ... 
2017-12-27 10:21:41 +0000  136293 bytes for ./Payload/GoUp.app/www/static/img/hand_pink.41a5bd5.svg
2017-12-27 10:21:41 +0000  copying file ./Payload/GoUp.app/www/static/img/welcome_screens-03.8758915.png ... 
2017-12-27 10:21:41 +0000  195870 bytes for ./Payload/GoUp.app/www/static/img/welcome_screens-03.8758915.png
2017-12-27 10:21:41 +0000  copying file ./Payload/GoUp.app/www/static/img/welcome_screens-02.5f5dfd8.png ... 
2017-12-27 10:21:41 +0000  505845 bytes for ./Payload/GoUp.app/www/static/img/welcome_screens-02.5f5dfd8.png
2017-12-27 10:21:41 +0000  copying file ./Payload/GoUp.app/www/static/manifest.json ... 
531 bytes for ./Payload/GoUp.app/www/static/manifest.json
2017-12-27 10:21:41 +0000  copying file ./Payload/GoUp.app/www/static/build/css/vendor.css ... 
2017-12-27 10:21:41 +0000  235902 bytes for ./Payload/GoUp.app/www/static/build/css/vendor.css
copying file ./Payload/GoUp.app/www/static/build/css/vendor.css.map ... 
2017-12-27 10:21:41 +0000  357442 bytes for ./Payload/GoUp.app/www/static/build/css/vendor.css.map
2017-12-27 10:21:41 +0000  copying file ./Payload/GoUp.app/www/static/build/images/loader_bright.gif ... 
2017-12-27 10:21:41 +0000  673 bytes for ./Payload/GoUp.app/www/static/build/images/loader_bright.gif
2017-12-27 10:21:41 +0000  copying file ./Payload/GoUp.app/www/static/build/images/lightbox-arrow-right.png ... 
2017-12-27 10:21:41 +0000  1317 bytes for ./Payload/GoUp.app/www/static/build/images/lightbox-arrow-right.png
copying file ./Payload/GoUp.app/www/static/build/images/lightbox-icon-close-compact2.png ... 
2017-12-27 10:21:41 +0000  3295 bytes for ./Payload/GoUp.app/www/static/build/images/lightbox-icon-close-compact2.png
2017-12-27 10:21:41 +0000  copying file ./Payload/GoUp.app/www/static/build/images/play-button-square.png ... 
2017-12-27 10:21:41 +0000  4591 bytes for ./Payload/GoUp.app/www/static/build/images/play-button-square.png
2017-12-27 10:21:41 +0000  copying file ./Payload/GoUp.app/www/static/build/images/lightbox-arrow-left.png ... 
2017-12-27 10:21:41 +0000  1315 bytes for ./Payload/GoUp.app/www/static/build/images/lightbox-arrow-left.png
copying file ./Payload/GoUp.app/www/static/build/images/loader_skype_trans.gif ... 
2017-12-27 10:21:41 +0000  10280 bytes for ./Payload/GoUp.app/www/static/build/images/loader_skype_trans.gif
2017-12-27 10:21:41 +0000  copying file ./Payload/GoUp.app/www/static/build/images/loader-white1.gif ... 
2017-12-27 10:21:41 +0000  2545 bytes for ./Payload/GoUp.app/www/static/build/images/loader-white1.gif
2017-12-27 10:21:41 +0000  copying file ./Payload/GoUp.app/www/static/build/images/cover-grid.png ... 
2017-12-27 10:21:41 +0000  933 bytes for ./Payload/GoUp.app/www/static/build/images/cover-grid.png
copying file ./Payload/GoUp.app/www/static/build/images/icon-zoom32.png ... 
2017-12-27 10:21:41 +0000  1643 bytes for ./Payload/GoUp.app/www/static/build/images/icon-zoom32.png
2017-12-27 10:21:41 +0000  copying file ./Payload/GoUp.app/www/static/build/images/loader-white2.gif ... 
2017-12-27 10:21:41 +0000  32494 bytes for ./Payload/GoUp.app/www/static/build/images/loader-white2.gif
2017-12-27 10:21:41 +0000  copying file ./Payload/GoUp.app/www/static/build/images/loader-white3.gif ... 
2017-12-27 10:21:41 +0000  10226 bytes for ./Payload/GoUp.app/www/static/build/images/loader-white3.gif
2017-12-27 10:21:41 +0000  copying file ./Payload/GoUp.app/www/static/build/images/loader-white7.gif ... 
2017-12-27 10:21:41 +0000  2851 bytes for ./Payload/GoUp.app/www/static/build/images/loader-white7.gif
2017-12-27 10:21:41 +0000  copying file ./Payload/GoUp.app/www/static/build/images/loader-white6.gif ... 
2017-12-27 10:21:41 +0000  2857 bytes for ./Payload/GoUp.app/www/static/build/images/loader-white6.gif
2017-12-27 10:21:41 +0000  copying file ./Payload/GoUp.app/www/static/build/images/not_loaded.png ... 
2017-12-27 10:21:41 +0000  858 bytes for ./Payload/GoUp.app/www/static/build/images/not_loaded.png
copying file ./Payload/GoUp.app/www/static/build/images/loader-white4.gif ... 
2017-12-27 10:21:41 +0000  9136 bytes for ./Payload/GoUp.app/www/static/build/images/loader-white4.gif
2017-12-27 10:21:41 +0000  copying file ./Payload/GoUp.app/www/static/build/images/loader-white5.gif ... 
2017-12-27 10:21:41 +0000  8400 bytes for ./Payload/GoUp.app/www/static/build/images/loader-white5.gif
2017-12-27 10:21:41 +0000  copying file ./Payload/GoUp.app/www/static/build/images/loader.gif ... 
2017-12-27 10:21:41 +0000  673 bytes for ./Payload/GoUp.app/www/static/build/images/loader.gif
copying file ./Payload/GoUp.app/www/static/build/images/icon-play32.png ... 
2017-12-27 10:21:41 +0000  688 bytes for ./Payload/GoUp.app/www/static/build/images/icon-play32.png
2017-12-27 10:21:41 +0000  copying file ./Payload/GoUp.app/www/static/build/images/lightbox-icon-close.png ... 
2017-12-27 10:21:41 +0000  946 bytes for ./Payload/GoUp.app/www/static/build/images/lightbox-icon-close.png
copying file ./Payload/GoUp.app/www/static/build/images/lightbox-icon-close-compact.png ... 
2017-12-27 10:21:41 +0000  1841 bytes for ./Payload/GoUp.app/www/static/build/images/lightbox-icon-close-compact.png
2017-12-27 10:21:41 +0000  copying file ./Payload/GoUp.app/www/static/build/images/icon-link32.png ... 
2017-12-27 10:21:41 +0000  909 bytes for ./Payload/GoUp.app/www/static/build/images/icon-link32.png
copying file ./Payload/GoUp.app/www/static/build/images/play-button-round.png ... 
2017-12-27 10:21:41 +0000  1423 bytes for ./Payload/GoUp.app/www/static/build/images/play-button-round.png
2017-12-27 10:21:41 +0000  copying file ./Payload/GoUp.app/www/static/build/images/loader-black6.gif ... 
2017-12-27 10:21:41 +0000  2943 bytes for ./Payload/GoUp.app/www/static/build/images/loader-black6.gif
2017-12-27 10:21:41 +0000  copying file ./Payload/GoUp.app/www/static/build/images/loader-black7.gif ... 
2017-12-27 10:21:41 +0000  2645 bytes for ./Payload/GoUp.app/www/static/build/images/loader-black7.gif
2017-12-27 10:21:41 +0000  copying file ./Payload/GoUp.app/www/static/build/images/loader-black5.gif ... 
2017-12-27 10:21:41 +0000  8400 bytes for ./Payload/GoUp.app/www/static/build/images/loader-black5.gif
2017-12-27 10:21:41 +0000  copying file ./Payload/GoUp.app/www/static/build/images/button-close.png ... 
2017-12-27 10:21:41 +0000  7155 bytes for ./Payload/GoUp.app/www/static/build/images/button-close.png
2017-12-27 10:21:41 +0000  copying file ./Payload/GoUp.app/www/static/build/images/loader-black4.gif ... 
2017-12-27 10:21:41 +0000  10277 bytes for ./Payload/GoUp.app/www/static/build/images/loader-black4.gif
2017-12-27 10:21:41 +0000  copying file ./Payload/GoUp.app/www/static/build/images/transparent.png ... 
2017-12-27 10:21:41 +0000  540 bytes for ./Payload/GoUp.app/www/static/build/images/transparent.png
copying file ./Payload/GoUp.app/www/static/build/images/loader-black1.gif ... 
2017-12-27 10:21:41 +0000  5855 bytes for ./Payload/GoUp.app/www/static/build/images/loader-black1.gif
2017-12-27 10:21:41 +0000  copying file ./Payload/GoUp.app/www/static/build/images/loader-black3.gif ... 
2017-12-27 10:21:41 +0000  10333 bytes for ./Payload/GoUp.app/www/static/build/images/loader-black3.gif
2017-12-27 10:21:41 +0000  copying file ./Payload/GoUp.app/www/static/build/images/loader-black2.gif ... 
2017-12-27 10:21:41 +0000  11187 bytes for ./Payload/GoUp.app/www/static/build/images/loader-black2.gif
2017-12-27 10:21:41 +0000  copying file ./Payload/GoUp.app/www/static/build/js/firebase-messaging-sw.js ... 
2017-12-27 10:21:41 +0000  1575 bytes for ./Payload/GoUp.app/www/static/build/js/firebase-messaging-sw.js
2017-12-27 10:21:41 +0000  copying file ./Payload/GoUp.app/www/static/build/js/vendor.js ... 
2017-12-27 10:21:41 +0000  259720 bytes for ./Payload/GoUp.app/www/static/build/js/vendor.js
2017-12-27 10:21:41 +0000  copying file ./Payload/GoUp.app/www/static/build/js/openfb.js ... 
2017-12-27 10:21:41 +0000  12438 bytes for ./Payload/GoUp.app/www/static/build/js/openfb.js
2017-12-27 10:21:41 +0000  copying file ./Payload/GoUp.app/www/static/build/js/vendor.js.map ... 
2017-12-27 10:21:41 +0000  779153 bytes for ./Payload/GoUp.app/www/static/build/js/vendor.js.map
2017-12-27 10:21:41 +0000  copying file ./Payload/GoUp.app/www/static/build/fonts/fontawesome-webfont.svg ... 
2017-12-27 10:21:41 +0000  444379 bytes for ./Payload/GoUp.app/www/static/build/fonts/fontawesome-webfont.svg
copying file ./Payload/GoUp.app/www/static/build/fonts/FontAwesome.otf ... 
2017-12-27 10:21:41 +0000  134808 bytes for ./Payload/GoUp.app/www/static/build/fonts/FontAwesome.otf
copying file ./Payload/GoUp.app/www/static/build/fonts/ionicons.eot ... 
2017-12-27 10:21:41 +0000  120724 bytes for ./Payload/GoUp.app/www/static/build/fonts/ionicons.eot
2017-12-27 10:21:41 +0000  copying file ./Payload/GoUp.app/www/static/build/fonts/ionicons.woff ... 
2017-12-27 10:21:41 +0000  67904 bytes for ./Payload/GoUp.app/www/static/build/fonts/ionicons.woff
2017-12-27 10:21:41 +0000  copying file ./Payload/GoUp.app/www/static/build/fonts/lato/lato-bold.ttf ... 
2017-12-27 10:21:41 +0000  121788 bytes for ./Payload/GoUp.app/www/static/build/fonts/lato/lato-bold.ttf
copying file ./Payload/GoUp.app/www/static/build/fonts/lato/lato-regular.ttf ... 
2017-12-27 10:21:41 +0000  120196 bytes for ./Payload/GoUp.app/www/static/build/fonts/lato/lato-regular.ttf
copying file ./Payload/GoUp.app/www/static/build/fonts/lato/lato-light.ttf ... 
2017-12-27 10:21:41 +0000  122524 bytes for ./Payload/GoUp.app/www/static/build/fonts/lato/lato-light.ttf
2017-12-27 10:21:41 +0000  copying file ./Payload/GoUp.app/www/static/build/fonts/lg.woff ... 
2017-12-27 10:21:41 +0000  3956 bytes for ./Payload/GoUp.app/www/static/build/fonts/lg.woff
2017-12-27 10:21:41 +0000  copying file ./Payload/GoUp.app/www/static/build/fonts/lg.svg ... 
2017-12-27 10:21:41 +0000  8901 bytes for ./Payload/GoUp.app/www/static/build/fonts/lg.svg
2017-12-27 10:21:41 +0000  copying file ./Payload/GoUp.app/www/static/build/fonts/ionicons.ttf ... 
2017-12-27 10:21:41 +0000  188508 bytes for ./Payload/GoUp.app/www/static/build/fonts/ionicons.ttf
2017-12-27 10:21:41 +0000  copying file ./Payload/GoUp.app/www/static/build/fonts/fontawesome-webfont.woff2 ... 
2017-12-27 10:21:41 +0000  77160 bytes for ./Payload/GoUp.app/www/static/build/fonts/fontawesome-webfont.woff2
copying file ./Payload/GoUp.app/www/static/build/fonts/fontawesome-webfont.ttf ... 
2017-12-27 10:21:41 +0000  165548 bytes for ./Payload/GoUp.app/www/static/build/fonts/fontawesome-webfont.ttf
copying file ./Payload/GoUp.app/www/static/build/fonts/lg.eot ... 
2017-12-27 10:21:41 +0000  4024 bytes for ./Payload/GoUp.app/www/static/build/fonts/lg.eot
copying file ./Payload/GoUp.app/www/static/build/fonts/ionicons.svg ... 
2017-12-27 10:21:41 +0000  333834 bytes for ./Payload/GoUp.app/www/static/build/fonts/ionicons.svg
copying file ./Payload/GoUp.app/www/static/build/fonts/fontawesome-webfont.woff ... 
2017-12-27 10:21:41 +0000  98024 bytes for ./Payload/GoUp.app/www/static/build/fonts/fontawesome-webfont.woff
2017-12-27 10:21:41 +0000  copying file ./Payload/GoUp.app/www/static/build/fonts/fontawesome-webfont.eot ... 
2017-12-27 10:21:41 +0000  165742 bytes for ./Payload/GoUp.app/www/static/build/fonts/fontawesome-webfont.eot
2017-12-27 10:21:41 +0000  copying file ./Payload/GoUp.app/www/static/build/fonts/lg.ttf ... 
2017-12-27 10:21:41 +0000  3880 bytes for ./Payload/GoUp.app/www/static/build/fonts/lg.ttf
2017-12-27 10:21:41 +0000  copying file ./Payload/GoUp.app/www/static/fonts/semibold.e1c83f9.ttf ... 
2017-12-27 10:21:41 +0000  221164 bytes for ./Payload/GoUp.app/www/static/fonts/semibold.e1c83f9.ttf
copying file ./Payload/GoUp.app/www/static/fonts/bold.f5331cb.ttf ... 
2017-12-27 10:21:41 +0000  224452 bytes for ./Payload/GoUp.app/www/static/fonts/bold.f5331cb.ttf
copying file ./Payload/GoUp.app/www/static/fonts/regular.d7d5d45.ttf ... 
2017-12-27 10:21:41 +0000  217276 bytes for ./Payload/GoUp.app/www/static/fonts/regular.d7d5d45.ttf
copying file ./Payload/GoUp.app/www/static/fonts/light.9ff12f6.ttf ... 
2017-12-27 10:21:41 +0000  222236 bytes for ./Payload/GoUp.app/www/static/fonts/light.9ff12f6.ttf
2017-12-27 10:21:41 +0000  copying file ./Payload/GoUp.app/www/static/assets/img/pattern-isaudavel-10-500.png ... 
2017-12-27 10:21:41 +0000  25777 bytes for ./Payload/GoUp.app/www/static/assets/img/pattern-isaudavel-10-500.png
2017-12-27 10:21:41 +0000  copying file ./Payload/GoUp.app/www/static/assets/img/checkmarks-sprite-2x.png ... 
2017-12-27 10:21:41 +0000  3092 bytes for ./Payload/GoUp.app/www/static/assets/img/checkmarks-sprite-2x.png
2017-12-27 10:21:41 +0000  copying file ./Payload/GoUp.app/www/static/assets/img/no_picture.jpg ... 
2017-12-27 10:21:41 +0000  19693 bytes for ./Payload/GoUp.app/www/static/assets/img/no_picture.jpg
2017-12-27 10:21:41 +0000  copying file ./Payload/GoUp.app/www/static/assets/img/logos/LOGOS-04.png ... 
2017-12-27 10:21:41 +0000  23710 bytes for ./Payload/GoUp.app/www/static/assets/img/logos/LOGOS-04.png
2017-12-27 10:21:41 +0000  copying file ./Payload/GoUp.app/www/static/assets/img/logos/LOGOS-05.png ... 
2017-12-27 10:21:41 +0000  33121 bytes for ./Payload/GoUp.app/www/static/assets/img/logos/LOGOS-05.png
copying file ./Payload/GoUp.app/www/static/assets/img/logos/LOGOS-07.png ... 
2017-12-27 10:21:41 +0000  24152 bytes for ./Payload/GoUp.app/www/static/assets/img/logos/LOGOS-07.png
2017-12-27 10:21:41 +0000  copying file ./Payload/GoUp.app/www/static/assets/img/logos/LOGOS-06.png ... 
2017-12-27 10:21:41 +0000  23984 bytes for ./Payload/GoUp.app/www/static/assets/img/logos/LOGOS-06.png
2017-12-27 10:21:41 +0000  copying file ./Payload/GoUp.app/www/static/assets/img/logos/logo-512x512.png ... 
2017-12-27 10:21:41 +0000  27516 bytes for ./Payload/GoUp.app/www/static/assets/img/logos/logo-512x512.png
copying file ./Payload/GoUp.app/www/static/assets/img/logos/LOGOS-02.png ... 
2017-12-27 10:21:41 +0000  24246 bytes for ./Payload/GoUp.app/www/static/assets/img/logos/LOGOS-02.png
copying file ./Payload/GoUp.app/www/static/assets/img/logos/LOGOS-03.png ... 
2017-12-27 10:21:41 +0000  23510 bytes for ./Payload/GoUp.app/www/static/assets/img/logos/LOGOS-03.png
2017-12-27 10:21:41 +0000  copying file ./Payload/GoUp.app/www/static/assets/img/logos/LOGOS-01.png ... 
2017-12-27 10:21:41 +0000  28952 bytes for ./Payload/GoUp.app/www/static/assets/img/logos/LOGOS-01.png
2017-12-27 10:21:41 +0000  copying file ./Payload/GoUp.app/www/static/assets/img/logos/logo-192x192.png ... 
2017-12-27 10:21:41 +0000  8789 bytes for ./Payload/GoUp.app/www/static/assets/img/logos/logo-192x192.png
2017-12-27 10:21:41 +0000  copying file ./Payload/GoUp.app/www/static/assets/img/icons/icon_124x124.png ... 
2017-12-27 10:21:41 +0000  2089 bytes for ./Payload/GoUp.app/www/static/assets/img/icons/icon_124x124.png
2017-12-27 10:21:41 +0000  copying file ./Payload/GoUp.app/www/static/assets/img/icons/icon_512x512.png ... 
2017-12-27 10:21:41 +0000  10208 bytes for ./Payload/GoUp.app/www/static/assets/img/icons/icon_512x512.png
2017-12-27 10:21:41 +0000  copying file ./Payload/GoUp.app/www/static/assets/img/image-placeholder.png ... 
2017-12-27 10:21:41 +0000  21540 bytes for ./Payload/GoUp.app/www/static/assets/img/image-placeholder.png
2017-12-27 10:21:41 +0000  copying file ./Payload/GoUp.app/www/cordova-js-src/exec.js ... 
2017-12-27 10:21:41 +0000  8877 bytes for ./Payload/GoUp.app/www/cordova-js-src/exec.js
2017-12-27 10:21:41 +0000  copying file ./Payload/GoUp.app/www/cordova-js-src/plugin/ios/logger.js ... 
2017-12-27 10:21:41 +0000  10233 bytes for ./Payload/GoUp.app/www/cordova-js-src/plugin/ios/logger.js
copying file ./Payload/GoUp.app/www/cordova-js-src/plugin/ios/console.js ... 
2017-12-27 10:21:41 +0000  6822 bytes for ./Payload/GoUp.app/www/cordova-js-src/plugin/ios/console.js
2017-12-27 10:21:41 +0000  copying file ./Payload/GoUp.app/www/cordova-js-src/platform.js ... 
2017-12-27 10:21:41 +0000  1168 bytes for ./Payload/GoUp.app/www/cordova-js-src/platform.js
2017-12-27 10:21:41 +0000  copying file ./Payload/GoUp.app/www/cordova_plugins.js ... 
2017-12-27 10:21:41 +0000  9506 bytes for ./Payload/GoUp.app/www/cordova_plugins.js
2017-12-27 10:21:41 +0000  copying file ./Payload/GoUp.app/archived-expanded-entitlements.xcent ... 
2017-12-27 10:21:41 +0000  245 bytes for ./Payload/GoUp.app/archived-expanded-entitlements.xcent
copying file ./Payload/GoUp.app/LaunchImage-Landscape~ipad.png ... 
2017-12-27 10:21:41 +0000  87695 bytes for ./Payload/GoUp.app/LaunchImage-Landscape~ipad.png
2017-12-27 10:21:41 +0000  copying file ./Payload/GoUp.app/LaunchImage-700-Portrait~ipad.png ... 
2017-12-27 10:21:41 +0000  87669 bytes for ./Payload/GoUp.app/LaunchImage-700-Portrait~ipad.png
2017-12-27 10:21:41 +0000  copying file ./Payload/GoUp.app/Assets.car ... 
2017-12-27 10:21:41 +0000  475144 bytes for ./Payload/GoUp.app/Assets.car
2017-12-27 10:21:41 +0000  copying file ./Payload/GoUp.app/AppIcon40x40@2x~ipad.png ... 
2017-12-27 10:21:41 +0000  3976 bytes for ./Payload/GoUp.app/AppIcon40x40@2x~ipad.png
2017-12-27 10:21:41 +0000  copying file ./Payload/GoUp.app/AppIcon76x76@2x~ipad.png ... 
2017-12-27 10:21:41 +0000  8727 bytes for ./Payload/GoUp.app/AppIcon76x76@2x~ipad.png
2017-12-27 10:21:41 +0000  copying file ./Payload/GoUp.app/LaunchImage-800-Portrait-736h@3x.png ... 
2017-12-27 10:21:41 +0000  227008 bytes for ./Payload/GoUp.app/LaunchImage-800-Portrait-736h@3x.png
copying file ./Payload/GoUp.app/AppIcon72x72~ipad.png ... 
2017-12-27 10:21:41 +0000  3451 bytes for ./Payload/GoUp.app/AppIcon72x72~ipad.png
2017-12-27 10:21:41 +0000  copying file ./Payload/GoUp.app/CDVLaunchScreen.storyboardc/01J-lp-oVM-view-Ze5-6b-2t3.nib ... 
2017-12-27 10:21:41 +0000  2283 bytes for ./Payload/GoUp.app/CDVLaunchScreen.storyboardc/01J-lp-oVM-view-Ze5-6b-2t3.nib
2017-12-27 10:21:41 +0000  copying file ./Payload/GoUp.app/CDVLaunchScreen.storyboardc/UIViewController-01J-lp-oVM.nib ... 
2017-12-27 10:21:41 +0000  832 bytes for ./Payload/GoUp.app/CDVLaunchScreen.storyboardc/UIViewController-01J-lp-oVM.nib
copying file ./Payload/GoUp.app/CDVLaunchScreen.storyboardc/Info.plist ... 
2017-12-27 10:21:41 +0000  258 bytes for ./Payload/GoUp.app/CDVLaunchScreen.storyboardc/Info.plist
2017-12-27 10:21:41 +0000  copying file ./Payload/GoUp.app/LaunchImage-700@2x.png ... 
2017-12-27 10:21:41 +0000  78588 bytes for ./Payload/GoUp.app/LaunchImage-700@2x.png
2017-12-27 10:21:41 +0000  copying file ./Payload/GoUp.app/AppIcon83.5x83.5@2x~ipad.png ... 
2017-12-27 10:21:41 +0000  9878 bytes for ./Payload/GoUp.app/AppIcon83.5x83.5@2x~ipad.png
copying file ./Payload/GoUp.app/LaunchImage-700-568h@2x.png ... 
2017-12-27 10:21:41 +0000  90023 bytes for ./Payload/GoUp.app/LaunchImage-700-568h@2x.png
2017-12-27 10:21:41 +0000  copying file ./Payload/GoUp.app/LaunchImage-Landscape@2x~ipad.png ... 
2017-12-27 10:21:41 +0000  222319 bytes for ./Payload/GoUp.app/LaunchImage-Landscape@2x~ipad.png
copying file ./Payload/GoUp.app/AppIcon50x50~ipad.png ... 
2017-12-27 10:21:41 +0000  2095 bytes for ./Payload/GoUp.app/AppIcon50x50~ipad.png
2017-12-27 10:21:41 +0000  copying file ./Payload/GoUp.app/AppIcon29x29@2x~ipad.png ... 
2017-12-27 10:21:41 +0000  2509 bytes for ./Payload/GoUp.app/AppIcon29x29@2x~ipad.png
2017-12-27 10:21:41 +0000  copying file ./Payload/GoUp.app/LaunchImage-700-Landscape@2x~ipad.png ... 
2017-12-27 10:21:41 +0000  222319 bytes for ./Payload/GoUp.app/LaunchImage-700-Landscape@2x~ipad.png
2017-12-27 10:21:41 +0000  copying file ./Payload/GoUp.app/AppIcon50x50@2x~ipad.png ... 
2017-12-27 10:21:41 +0000  5140 bytes for ./Payload/GoUp.app/AppIcon50x50@2x~ipad.png
2017-12-27 10:21:41 +0000  copying file ./Payload/GoUp.app/AppIcon40x40~ipad.png ... 
2017-12-27 10:21:41 +0000  1616 bytes for ./Payload/GoUp.app/AppIcon40x40~ipad.png
2017-12-27 10:21:41 +0000  copying file ./Payload/GoUp.app/LaunchImage.png ... 
2017-12-27 10:21:41 +0000  31736 bytes for ./Payload/GoUp.app/LaunchImage.png
copying file ./Payload/GoUp.app/embedded.mobileprovision ... 
2017-12-27 10:21:41 +0000  7450 bytes for ./Payload/GoUp.app/embedded.mobileprovision
2017-12-27 10:21:41 +0000  copying file ./Payload/GoUp.app/LaunchImage-800-Landscape-736h@3x.png ... 
2017-12-27 10:21:41 +0000  239137 bytes for ./Payload/GoUp.app/LaunchImage-800-Landscape-736h@3x.png
copying file ./Payload/GoUp.app/LaunchImage-700-Portrait@2x~ipad.png ... 
2017-12-27 10:21:41 +0000  217074 bytes for ./Payload/GoUp.app/LaunchImage-700-Portrait@2x~ipad.png
2017-12-27 10:21:41 +0000  copying file ./Payload/GoUp.app/LaunchImage-700-Landscape~ipad.png ... 
2017-12-27 10:21:41 +0000  87695 bytes for ./Payload/GoUp.app/LaunchImage-700-Landscape~ipad.png
copying file ./Payload/GoUp.app/AppIcon20x20@2x~ipad.png ... 
2017-12-27 10:21:41 +0000  1616 bytes for ./Payload/GoUp.app/AppIcon20x20@2x~ipad.png
2017-12-27 10:21:41 +0000  copying file ./Payload/GoUp.app/Info.plist ... 
2017-12-27 10:21:41 +0000  2950 bytes for ./Payload/GoUp.app/Info.plist
2017-12-27 10:21:41 +0000  copying file ./Payload/GoUp.app/PkgInfo ... 
2017-12-27 10:21:41 +0000  8 bytes for ./Payload/GoUp.app/PkgInfo
copying file ./Payload/GoUp.app/AppIcon76x76~ipad.png ... 
2017-12-27 10:21:41 +0000  3739 bytes for ./Payload/GoUp.app/AppIcon76x76~ipad.png
2017-12-27 10:21:41 +0000  copying file ./Symbols/A47E0460-C1E8-343A-8E12-F4E2F26EE961.symbols ... 
2017-12-27 10:21:41 +0000  921608 bytes for ./Symbols/A47E0460-C1E8-343A-8E12-F4E2F26EE961.symbols
copying file ./Symbols/F19020A3-0CDC-314E-98A8-51E157BADA9C.symbols ... 
2017-12-27 10:21:41 +0000  1036128 bytes for ./Symbols/F19020A3-0CDC-314E-98A8-51E157BADA9C.symbols
2017-12-27 10:21:41 +0000  
2017-12-27 10:21:41 +0000  2017-12-27 10:21:41 +0000  /usr/bin/ditto exited with 0

2017-12-27 10:21:41 +0000  
2017-12-27 10:21:41 +0000  Processing step: IDEDistributionCreateManifestStep
2017-12-27 10:21:41 +0000  Skipping step: IDEDistributionCreateManifestStep because it said so
